#
# A fatal error has been detected by the Java Runtime Environment:
#
#  EXCEPTION_ACCESS_VIOLATION (0xc0000005) at pc=0x00007ffde556b3b6, pid=35752, tid=42208
#
# JRE version: Java(TM) SE Runtime Environment (23.0.2+7) (build 23.0.2+7-58)
# Java VM: Java HotSpot(TM) 64-Bit Server VM (23.0.2+7-58, mixed mode, sharing, tiered, compressed oops, compressed class ptrs, g1 gc, windows-amd64)
# Problematic frame:
# C  [awt.dll+0xdb3b6]
#
# No core dump will be written. Minidumps are not enabled by default on client versions of Windows
#
# If you would like to submit a bug report, please visit:
#   https://bugreport.java.com/bugreport/crash.jsp
# The crash happened outside the Java Virtual Machine in native code.
# See problematic frame for where to report the bug.
#

---------------  S U M M A R Y ------------

Command Line: com.mycompany.pi.PI

Host: 13th Gen Intel(R) Core(TM) i7-13650HX, 20 cores, 15G,  Windows 11 , 64 bit Build 26100 (10.0.26100.3912)
Time: Wed May 21 16:13:33 2025 Hora oficial do Brasil elapsed time: 86647.053383 seconds (1d 0h 4m 7s)

---------------  T H R E A D  ---------------

Current thread (0x0000020ec70889b0):  JavaThread "AWT-EventQueue-0"        [_thread_in_native, id=42208, stack(0x0000001154300000,0x0000001154400000) (1024K)]

Stack: [0x0000001154300000,0x0000001154400000],  sp=0x00000011543fe890,  free space=1018k
Native frames: (J=compiled Java code, j=interpreted, Vv=VM code, C=native code)
C  [awt.dll+0xdb3b6]  (no source info available)
C  [awt.dll+0xdcbf2]  (no source info available)
C  0x0000020ef09ed207  (no source info available)

The last pc belongs to native method entry point (kind = native) (printed below).
Java frames: (J=compiled Java code, j=interpreted, Vv=VM code)
j  sun.awt.Win32GraphicsDevice.initNativeScale(I)V+0 java.desktop@23.0.2
j  sun.awt.Win32GraphicsDevice.initScaleFactors()V+60 java.desktop@23.0.2
j  sun.awt.Win32GraphicsDevice.displayChanged()V+16 java.desktop@23.0.2
j  sun.awt.Win32GraphicsEnvironment.displayChanged()V+271 java.desktop@23.0.2
j  sun.awt.windows.WToolkit.lambda$displayChanged$4()V+15 java.desktop@23.0.2
j  sun.awt.windows.WToolkit$$Lambda+0x0000020e830b75e0.run()V+0 java.desktop@23.0.2
j  java.awt.event.InvocationEvent.dispatch()V+47 java.desktop@23.0.2
j  java.awt.EventQueue.dispatchEventImpl(Ljava/awt/AWTEvent;Ljava/lang/Object;)V+21 java.desktop@23.0.2
j  java.awt.EventQueue$4.run()Ljava/lang/Void;+32 java.desktop@23.0.2
j  java.awt.EventQueue$4.run()Ljava/lang/Object;+1 java.desktop@23.0.2
J 884 c1 java.security.AccessController.doPrivileged(Ljava/security/PrivilegedAction;Ljava/security/AccessControlContext;)Ljava/lang/Object; java.base@23.0.2 (17 bytes) @ 0x0000020ee96a916c [0x0000020ee96a8f80+0x00000000000001ec]
j  java.security.ProtectionDomain$JavaSecurityAccessImpl.doIntersectionPrivilege(Ljava/security/PrivilegedAction;Ljava/security/AccessControlContext;Ljava/security/AccessControlContext;)Ljava/lang/Object;+18 java.base@23.0.2
j  java.awt.EventQueue.dispatchEvent(Ljava/awt/AWTEvent;)V+46 java.desktop@23.0.2
j  java.awt.EventDispatchThread.pumpOneEventForFilters(I)V+81 java.desktop@23.0.2
j  java.awt.EventDispatchThread.pumpEventsForFilter(ILjava/awt/Conditional;Ljava/awt/EventFilter;)V+35 java.desktop@23.0.2
j  java.awt.EventDispatchThread.pumpEventsForHierarchy(ILjava/awt/Conditional;Ljava/awt/Component;)V+11 java.desktop@23.0.2
j  java.awt.EventDispatchThread.pumpEvents(ILjava/awt/Conditional;)V+4 java.desktop@23.0.2
j  java.awt.EventDispatchThread.pumpEvents(Ljava/awt/Conditional;)V+3 java.desktop@23.0.2
j  java.awt.EventDispatchThread.run()V+9 java.desktop@23.0.2
v  ~StubRoutines::call_stub 0x0000020ef09e0fcd

siginfo: EXCEPTION_ACCESS_VIOLATION (0xc0000005), reading address 0x0000000000010051


Registers:
RAX=0x0000000000010001, RBX=0x0000020e815f90c0, RCX=0x0000000000010001, RDX=0x0000000000000000
RSP=0x00000011543fe890, RBP=0x00000011543fe970, RSI=0x0000000000000000, RDI=0x0000000000000000
R8 =0x0000000000000001, R9 =0x00000011526b9000, R10=0x0000020ef09ed1d8, R11=0x0000000000000100
R12=0x0000000000000000, R13=0x0000020ec322afa0, R14=0x00000011543fe998, R15=0x0000020ec70889b0
RIP=0x00007ffde556b3b6, EFLAGS=0x0000000000010206


Register to memory mapping:

RAX=0x0000000000010001 is an unknown value
RBX=0x0000020e815f90c0 points into unknown readable memory: 0x0000020ec70d4a30 | 30 4a 0d c7 0e 02 00 00
RCX=0x0000000000010001 is an unknown value
RDX=0x0 is null
RSP=0x00000011543fe890 is pointing into the stack for thread: 0x0000020ec70889b0
RBP=0x00000011543fe970 is pointing into the stack for thread: 0x0000020ec70889b0
RSI=0x0 is null
RDI=0x0 is null
R8 =0x0000000000000001 is an unknown value
R9 =0x00000011526b9000 points into unknown readable memory: 0x0000000000000000 | 00 00 00 00 00 00 00 00
R10=0x0000020ef09ed1d8 is at code_begin+1016 in an Interpreter codelet
native method entry point (kind = native)  [0x0000020ef09ecde0, 0x0000020ef09ed938]  2904 bytes
R11=0x0000000000000100 is an unknown value
R12=0x0 is null
R13={method} {0x0000020ec322afa8} 'initNativeScale' '(I)V' in 'sun/awt/Win32GraphicsDevice'
R14=0x00000011543fe998 is pointing into the stack for thread: 0x0000020ec70889b0
R15=0x0000020ec70889b0 is a thread

Top of Stack: (sp=0x00000011543fe890)
0x00000011543fe890:   0000020e815f90c0 0000000000000000
0x00000011543fe8a0:   0000000000000002 0000020e815f90c0
0x00000011543fe8b0:   0000020e815f90c0 00007ffde556cbf2
0x00000011543fe8c0:   00007ffde55c9838 0000020ec322afa0
0x00000011543fe8d0:   0000000000000000 0000020ec70889b0
0x00000011543fe8e0:   0000020ef09e889a 0000020ef09ed207
0x00000011543fe8f0:   0000020ec322afa0 00007ffddde83110
0x00000011543fe900:   00007ffddde83118 000000000000a4e0
0x00000011543fe910:   00000011543fe970 0000020ec70889b0
0x00000011543fe920:   00000011543fe950 fffffffffffffff7
0x00000011543fe930:   0000000000000000 0000000000000005
0x00000011543fe940:   0000020ec322e698 0000000000000000
0x00000011543fe950:   000000071443ad20 0000020ec322afa0
0x00000011543fe960:   0000000000000000 00000011543fe990
0x00000011543fe970:   00000011543fe9e8 0000020ef09e8700
0x00000011543fe980:   0000000000000000 0000020ef09ea5d7
0x00000011543fe990:   0000000000000000 0000000714449fd8
0x00000011543fe9a0:   fffffffffffffff7 0000020ec322b5f4
0x00000011543fe9b0:   0000000000000002 0000020ec322e698
0x00000011543fe9c0:   0000000000000000 000000071443ad20
0x00000011543fe9d0:   0000020ec322b640 fffffffffffffff5
0x00000011543fe9e0:   00000011543fe9f8 00000011543fea48
0x00000011543fe9f0:   0000020ef09e8700 0000000714449fd8
0x00000011543fea00:   fffffffffffffff7 0000020ec322ceb8
0x00000011543fea10:   0000000000000003 0000020ec322e698
0x00000011543fea20:   0000000000000000 000000071443ad20
0x00000011543fea30:   0000020ec322cf00 fffffffffffffff6
0x00000011543fea40:   00000011543fea60 00000011543feab0
0x00000011543fea50:   0000020ef09e8700 0000000000000000
0x00000011543fea60:   0000000714449fd8 fffffffffffffff7
0x00000011543fea70:   0000020ec318772f 0000000000000008
0x00000011543fea80:   0000020ec318b9f0 0000000000000000 

Instructions: (pc=0x00007ffde556b3b6)
0x00007ffde556b2b6:   11 45 d4 0f 11 45 e4 0f 11 45 f4 89 45 04 c7 45
0x00007ffde556b2c6:   a0 68 00 00 00 0f 11 44 24 34 0f 11 44 24 44 0f
0x00007ffde556b2d6:   11 44 24 54 0f 11 44 24 64 0f 11 44 24 74 0f 11
0x00007ffde556b2e6:   45 84 89 45 94 c7 44 24 30 68 00 00 00 48 8d 55
0x00007ffde556b2f6:   a0 49 8b ce ff 15 18 76 06 00 85 c0 74 41 48 8d
0x00007ffde556b306:   54 24 30 48 8b ce ff 15 06 76 06 00 85 c0 74 2f
0x00007ffde556b316:   48 8d 54 24 34 48 8d 4d a4 ff 15 1b 75 06 00 85
0x00007ffde556b326:   c0 74 1c 48 8d 54 24 44 48 8d 4d b4 ff 15 08 75
0x00007ffde556b336:   06 00 85 c0 74 09 8b 44 24 54 39 45 c4 74 11 ff
0x00007ffde556b346:   c7 3b 7b 0c 0f 8c 40 ff ff ff 8b 3d 2a b0 06 00
0x00007ffde556b356:   48 8b cb e8 02 cb f4 ff 90 8b c7 48 8b 4d 10 48
0x00007ffde556b366:   33 cc e8 93 01 01 00 4c 8d 9c 24 20 01 00 00 49
0x00007ffde556b376:   8b 5b 28 49 8b 73 30 49 8b e3 41 5e 5f 5d c3 cc
0x00007ffde556b386:   cc cc cc cc cc cc cc cc cc cc 48 8b 41 08 48 8b
0x00007ffde556b396:   80 18 0c 00 00 c3 cc cc cc cc 48 8b 41 08 48 05
0x00007ffde556b3a6:   00 04 00 00 c3 cc cc cc cc cc 40 53 48 83 ec 20
0x00007ffde556b3b6:   83 79 50 00 48 8b d9 75 56 48 8b 49 28 4c 8d 44
0x00007ffde556b3c6:   24 38 48 8d 54 24 30 c7 44 24 30 00 00 80 bf c7
0x00007ffde556b3d6:   44 24 38 00 00 80 bf e8 1e e1 00 00 f3 0f 10 54
0x00007ffde556b3e6:   24 30 0f 57 c0 0f 2f d0 76 25 f3 0f 10 4c 24 38
0x00007ffde556b3f6:   0f 2f c8 76 1a f3 0f 5e 15 09 a9 02 00 f3 0f 5e
0x00007ffde556b406:   0d 01 a9 02 00 f3 0f 11 53 48 f3 0f 11 4b 4c 48
0x00007ffde556b416:   83 c4 20 5b c3 cc cc cc cc cc 48 89 5c 24 10 48
0x00007ffde556b426:   89 74 24 18 57 41 56 41 57 48 83 ec 40 48 8b d9
0x00007ffde556b436:   48 83 79 18 00 75 14 b9 28 04 00 00 e8 19 97 00
0x00007ffde556b446:   00 48 89 43 18 c7 00 28 00 00 00 48 8b 43 18 33
0x00007ffde556b456:   ff 66 89 78 0e 48 8b 4b 28 e8 5c 03 00 00 48 8b
0x00007ffde556b466:   f0 41 bf 01 00 00 00 45 8b c7 41 8b d7 48 8b c8
0x00007ffde556b476:   ff 15 44 71 06 00 4c 8b f0 89 7c 24 30 48 8b 4b
0x00007ffde556b486:   18 48 89 4c 24 28 48 89 7c 24 20 45 8b cf 45 33
0x00007ffde556b496:   c0 48 8b d0 48 8b ce ff 15 3d 70 06 00 48 8b 53
0x00007ffde556b4a6:   30 48 8b 0b 8b 05 d4 ae 06 00 83 79 04 08 0f 8e 


Stack slot to memory mapping:

stack at sp + 0 slots: 0x0000020e815f90c0 points into unknown readable memory: 0x0000020ec70d4a30 | 30 4a 0d c7 0e 02 00 00
stack at sp + 1 slots: 0x0 is null
stack at sp + 2 slots: 0x0000000000000002 is an unknown value
stack at sp + 3 slots: 0x0000020e815f90c0 points into unknown readable memory: 0x0000020ec70d4a30 | 30 4a 0d c7 0e 02 00 00
stack at sp + 4 slots: 0x0000020e815f90c0 points into unknown readable memory: 0x0000020ec70d4a30 | 30 4a 0d c7 0e 02 00 00
stack at sp + 5 slots: 0x00007ffde556cbf2 awt.dll
stack at sp + 6 slots: 0x00007ffde55c9838 awt.dll
stack at sp + 7 slots: {method} {0x0000020ec322afa8} 'initNativeScale' '(I)V' in 'sun/awt/Win32GraphicsDevice'

Lock stack of current Java thread (top to bottom):

native method entry point (kind = native)  [0x0000020ef09ecde0, 0x0000020ef09ed938]  2904 bytes
[MachCode]
  0x0000020ef09ecde0: 488b 4b08 | 0fb7 492e | 584c 8d74 | ccf8 6800 | 0000 0068 | 0000 0000 | 5055 488b | ec41 5568 
  0x0000020ef09ece00: 0000 0000 | 4c8b 6b08 | 4d8d 6d38 | 5348 8b53 | 0848 8b52 | 0848 8b52 | 1848 8b52 | 7048 8b12 
  0x0000020ef09ece20: 5248 8b53 | 1048 85d2 | 0f84 0700 | 0000 4881 | c210 0100 | 0052 488b | 5308 488b | 5208 488b 
  0x0000020ef09ece40: 5210 5249 | 8bc6 482b | c548 c1e8 | 0350 6800 | 0000 0068 | f7ff ffff | 41c6 8771 | 0400 0001 
  0x0000020ef09ece60: 488b 4310 | 4885 c074 | 208b 88cc | 0000 0083 | c102 8988 | cc00 0000 | 2388 e000 | 0000 0f84 
  0x0000020ef09ece80: 000a 0000 | e9cf 0000 | 0048 8b43 | 1848 85c0 | 0f85 b000 | 0000 e805 | 0000 00e9 | 9900 0000 
  0x0000020ef09ecea0: 488b d348 | 8d44 2408 | 4c89 6dc0 | 498b cfc5 | f877 4989 | afb0 0300 | 0049 8987 | a003 0000 
  0x0000020ef09ecec0: 4883 ec20 | 40f6 c40f | 0f84 1900 | 0000 4883 | ec08 48b8 | 8028 67dd | fd7f 0000 | ffd0 4883 
  0x0000020ef09ecee0: c408 e90c | 0000 0048 | b880 2867 | ddfd 7f00 | 00ff d048 | 83c4 2049 | c787 a003 | 0000 0000 
  0x0000020ef09ecf00: 0000 49c7 | 87b0 0300 | 0000 0000 | 0049 c787 | a803 0000 | 0000 0000 | c5f8 7749 | 837f 0800 
  0x0000020ef09ecf20: 0f84 0500 | 0000 e995 | 3fff ff4c | 8b6d c04c | 8b75 c84e | 8d74 f500 | c348 8b43 | 1848 85c0 
  0x0000020ef09ecf40: 0f84 1200 | 0000 8b48 | 0883 c102 | 8948 0823 | 481c 0f84 | 2c09 0000 | 493b a7e8 | 0400 000f 
  0x0000020ef09ecf60: 8748 0000 | 0089 8424 | 00f0 ffff | 8984 2400 | e0ff ff89 | 8424 00d0 | ffff 8984 | 2400 c0ff 
  0x0000020ef09ecf80: ff89 8424 | 00b0 ffff | 8984 2400 | a0ff ff89 | 8424 0090 | ffff 8984 | 2400 80ff | ff49 3ba7 
  0x0000020ef09ecfa0: e004 0000 | 7607 4989 | a7e8 0400 | 0041 c687 | 7104 0000 | 0049 ba41 | bdee ddfd | 7f00 0041 
  0x0000020ef09ecfc0: 803a 000f | 843e 0000 | 0048 8b55 | e849 8bcf | 4883 ec20 | 40f6 c40f | 0f84 1900 | 0000 4883 
  0x0000020ef09ecfe0: ec08 48b8 | f0f0 9edd | fd7f 0000 | ffd0 4883 | c408 e90c | 0000 0048 | b8f0 f09e | ddfd 7f00 
  0x0000020ef09ed000: 00ff d048 | 83c4 2048 | 8b5d e84c | 8b5b 0845 | 0fb7 5b2e | 41c1 e303 | 492b e348 | 83ec 2048 
  0x0000020ef09ed020: 83e4 f04c | 8b5b 604d | 85db 0f85 | ab00 0000 | e805 0000 | 00e9 9900 | 0000 488b | d348 8d44 
  0x0000020ef09ed040: 2408 4c89 | 6dc0 498b | cfc5 f877 | 4989 afb0 | 0300 0049 | 8987 a003 | 0000 4883 | ec20 40f6 
  0x0000020ef09ed060: c40f 0f84 | 1900 0000 | 4883 ec08 | 48b8 e04f | 67dd fd7f | 0000 ffd0 | 4883 c408 | e90c 0000 
  0x0000020ef09ed080: 0048 b8e0 | 4f67 ddfd | 7f00 00ff | d048 83c4 | 2049 c787 | a003 0000 | 0000 0000 | 49c7 87b0 
  0x0000020ef09ed0a0: 0300 0000 | 0000 0049 | c787 a803 | 0000 0000 | 0000 c5f8 | 7749 837f | 0800 0f84 | 0500 0000 
  0x0000020ef09ed0c0: e9fb 3dff | ff4c 8b6d | c04c 8b75 | c84e 8d74 | f500 c348 | 8b5d e84c | 8b5b 6041 | ffd3 488b 
  0x0000020ef09ed0e0: 5de8 4889 | 4518 448b | 5b28 41f6 | c308 0f84 | 1b00 0000 | 4c8b 5b08 | 4d8b 5b08 | 4d8b 5b18 
  0x0000020ef09ed100: 4d8b 5b70 | 4d8b 1b4c | 895d 1048 | 8d55 1048 | 8b43 5849 | ba40 3f9f | ddfd 7f00 | 0049 3bc2 
  0x0000020ef09ed120: 0f85 ab00 | 0000 e805 | 0000 00e9 | 9900 0000 | 488b d348 | 8d44 2408 | 4c89 6dc0 | 498b cfc5 
  0x0000020ef09ed140: f877 4989 | afb0 0300 | 0049 8987 | a003 0000 | 4883 ec20 | 40f6 c40f | 0f84 1900 | 0000 4883 
  0x0000020ef09ed160: ec08 48b8 | e04f 67dd | fd7f 0000 | ffd0 4883 | c408 e90c | 0000 0048 | b8e0 4f67 | ddfd 7f00 
  0x0000020ef09ed180: 00ff d048 | 83c4 2049 | c787 a003 | 0000 0000 | 0000 49c7 | 87b0 0300 | 0000 0000 | 0049 c787 
  0x0000020ef09ed1a0: a803 0000 | 0000 0000 | c5f8 7749 | 837f 0800 | 0f84 0500 | 0000 e905 | 3dff ff4c | 8b6d c04c 
  0x0000020ef09ed1c0: 8b75 c84e | 8d74 f500 | c348 8b5d | e848 8b43 | 5849 8d8f | c003 0000 | c5f8 7749 | 89af b003 
  0x0000020ef09ed1e0: 0000 49ba | d8d1 9ef0 | 0e02 0000 | 4d89 97a8 | 0300 0049 | 89a7 a003 | 0000 41c7 | 8744 0400 
  0x0000020ef09ed200: 0004 0000 | 00ff d0c5 | f877 4883 | ec10 c5fb | 1104 2448 | 83ec 1048 | 8904 2448 | c744 2408 
  0x0000020ef09ed220: 0000 0000 | 41c7 8744 | 0400 0005 | 0000 00f0 | 8344 24c0 | 0049 3baf | 4804 0000 | 0f87 0e00 
  0x0000020ef09ed240: 0000 4183 | bf40 0400 | 0000 0f84 | 2000 0000 | 498b cf4c | 8be4 4883 | ec20 4883 | e4f0 48b8 
  0x0000020ef09ed260: 80ab 68dd | fd7f 0000 | ffd0 498b | e44d 33e4 | 41c7 8744 | 0400 0008 | 0000 0049 | c787 a003 
  0x0000020ef09ed280: 0000 0000 | 0000 49c7 | 87b0 0300 | 0000 0000 | 0049 c787 | a803 0000 | 0000 0000 | c5f8 774d 
  0x0000020ef09ed2a0: 8b9f 3004 | 0000 41c7 | 8300 0100 | 0000 0000 | 0049 bbda | a59e f00e | 0200 004c | 3b5d 180f 
  0x0000020ef09ed2c0: 8524 0200 | 0048 8b04 | 2448 83c4 | 1048 85c0 | 0f84 fe01 | 0000 a803 | 0f85 0800 | 0000 488b 
  0x0000020ef09ed2e0: 00e9 ee01 | 0000 a801 | 0f85 0900 | 0000 488b | 40fe e9dd | 0100 0048 | 8b40 ff41 | 807f 3800 
  0x0000020ef09ed300: 0f84 ce01 | 0000 4883 | f800 0f84 | c401 0000 | 4d8b 5f28 | 4983 fb00 | 0f84 1400 | 0000 4983 
  0x0000020ef09ed320: eb08 4d89 | 5f28 4d03 | 5f30 4989 | 03e9 a201 | 0000 4881 | ecd0 0000 | 0048 8904 | 2448 894c 
  0x0000020ef09ed340: 2408 4889 | 5424 1048 | 8974 2418 | 4889 7c24 | 204c 8944 | 2428 4c89 | 4c24 304c | 8954 2438 
  0x0000020ef09ed360: 4c89 5c24 | 40c5 fb11 | 4424 50c5 | fb11 4c24 | 58c5 fb11 | 5424 60c5 | fb11 5c24 | 68c5 fb11 
  0x0000020ef09ed380: 6424 70c5 | fb11 6c24 | 78c5 fb11 | b424 8000 | 0000 c5fb | 11bc 2488 | 0000 00c5 | 7b11 8424 
  0x0000020ef09ed3a0: 9000 0000 | c57b 118c | 2498 0000 | 00c5 7b11 | 9424 a000 | 0000 c57b | 119c 24a8 | 0000 00c5 
  0x0000020ef09ed3c0: 7b11 a424 | b000 0000 | c57b 11ac | 24b8 0000 | 00c5 7b11 | b424 c000 | 0000 c57b | 11bc 24c8 
  0x0000020ef09ed3e0: 0000 0049 | 8bd7 488b | c848 83ec | 2040 f6c4 | 0f0f 8419 | 0000 0048 | 83ec 0848 | b800 095c 
  0x0000020ef09ed400: ddfd 7f00 | 00ff d048 | 83c4 08e9 | 0c00 0000 | 48b8 0009 | 5cdd fd7f | 0000 ffd0 | 4883 c420 
  0x0000020ef09ed420: c57b 10bc | 24c8 0000 | 00c5 7b10 | b424 c000 | 0000 c57b | 10ac 24b8 | 0000 00c5 | 7b10 a424 
  0x0000020ef09ed440: b000 0000 | c57b 109c | 24a8 0000 | 00c5 7b10 | 9424 a000 | 0000 c57b | 108c 2498 | 0000 00c5 
  0x0000020ef09ed460: 7b10 8424 | 9000 0000 | c5fb 10bc | 2488 0000 | 00c5 fb10 | b424 8000 | 0000 c5fb | 106c 2478 
  0x0000020ef09ed480: c5fb 1064 | 2470 c5fb | 105c 2468 | c5fb 1054 | 2460 c5fb | 104c 2458 | c5fb 1044 | 2450 4c8b 
  0x0000020ef09ed4a0: 5c24 404c | 8b54 2438 | 4c8b 4c24 | 304c 8b44 | 2428 488b | 7c24 2048 | 8b74 2418 | 488b 5424 
  0x0000020ef09ed4c0: 1048 8b4c | 2408 488b | 0424 4881 | c4d0 0000 | 00c5 f877 | 4889 4510 | 4883 ec10 | 4889 0424 
  0x0000020ef09ed4e0: 48c7 4424 | 0800 0000 | 0041 83bf | c804 0000 | 020f 85bf | 0000 0048 | 81ec 8000 | 0000 4889 
  0x0000020ef09ed500: 4424 7848 | 894c 2470 | 4889 5424 | 6848 895c | 2460 4889 | 6c24 5048 | 8974 2448 | 4889 7c24 
  0x0000020ef09ed520: 404c 8944 | 2438 4c89 | 4c24 304c | 8954 2428 | 4c89 5c24 | 204c 8964 | 2418 4c89 | 6c24 104c 
  0x0000020ef09ed540: 8974 2408 | 4c89 3c24 | 4c8b e448 | 83ec 2048 | 83e4 f048 | b8a0 259f | ddfd 7f00 | 00ff d049 
  0x0000020ef09ed560: 8be4 4c8b | 3c24 4c8b | 7424 084c | 8b6c 2410 | 4c8b 6424 | 184c 8b5c | 2420 4c8b | 5424 284c 
  0x0000020ef09ed580: 8b4c 2430 | 4c8b 4424 | 3848 8b7c | 2440 488b | 7424 4848 | 8b6c 2450 | 488b 5c24 | 6048 8b54 
  0x0000020ef09ed5a0: 2468 488b | 4c24 7048 | 8b44 2478 | 4881 c480 | 0000 004d | 33e4 488b | 5de8 4c8b | 6b08 4d8d 
  0x0000020ef09ed5c0: 6d38 4983 | 7f08 000f | 84bb 0000 | 00e8 0500 | 0000 e996 | 0000 0048 | 8d44 2408 | 4c89 6dc0 
  0x0000020ef09ed5e0: 498b cfc5 | f877 4989 | afb0 0300 | 0049 8987 | a003 0000 | 4883 ec20 | 40f6 c40f | 0f84 1900 
  0x0000020ef09ed600: 0000 4883 | ec08 48b8 | f06d 67dd | fd7f 0000 | ffd0 4883 | c408 e90c | 0000 0048 | b8f0 6d67 
  0x0000020ef09ed620: ddfd 7f00 | 00ff d048 | 83c4 2049 | c787 a003 | 0000 0000 | 0000 49c7 | 87b0 0300 | 0000 0000 
  0x0000020ef09ed640: 0049 c787 | a803 0000 | 0000 0000 | c5f8 7749 | 837f 0800 | 0f84 0500 | 0000 e961 | 38ff ff4c 
  0x0000020ef09ed660: 8b6d c04c | 8b75 c84e | 8d74 f500 | c348 b940 | e5c6 ddfd | 7f00 0048 | 83e4 f048 | b850 4d8d 
  0x0000020ef09ed680: ddfd 7f00 | 00ff d0f4 | 448b 5b28 | 41f6 c320 | 0f84 7901 | 0000 488d | 55a8 4c8b | 5a08 4d85 
  0x0000020ef09ed6a0: db0f 85bb | 0000 00e8 | 0500 0000 | e996 0000 | 0048 8d44 | 2408 4c89 | 6dc0 498b | cfc5 f877 
  0x0000020ef09ed6c0: 4989 afb0 | 0300 0049 | 8987 a003 | 0000 4883 | ec20 40f6 | c40f 0f84 | 1900 0000 | 4883 ec08 
  0x0000020ef09ed6e0: 48b8 206d | 67dd fd7f | 0000 ffd0 | 4883 c408 | e90c 0000 | 0048 b820 | 6d67 ddfd | 7f00 00ff 
  0x0000020ef09ed700: d048 83c4 | 2049 c787 | a003 0000 | 0000 0000 | 49c7 87b0 | 0300 0000 | 0000 0049 | c787 a803 
  0x0000020ef09ed720: 0000 0000 | 0000 c5f8 | 7749 837f | 0800 0f84 | 0500 0000 | e987 37ff | ff4c 8b6d | c04c 8b75 
  0x0000020ef09ed740: c84e 8d74 | f500 c348 | b940 e5c6 | ddfd 7f00 | 0048 83e4 | f048 b850 | 4d8d ddfd | 7f00 00ff 
  0x0000020ef09ed760: d0f4 4c89 | 6dc0 4c8b | 4a08 48c7 | 4208 0000 | 0000 458b | 8718 0600 | 004f 3b4c | 07f8 0f85 
  0x0000020ef09ed780: 4900 0000 | 4183 af18 | 0600 0008 | 4f3b 4c07 | f00f 842a | 0000 0049 | 8b01 a802 | 0f85 1200 
  0x0000020ef09ed7a0: 0000 4c8b | c049 83c8 | 01f0 4d0f | b101 0f84 | 0d00 0000 | 4183 8718 | 0600 0008 | e90c 0000 
  0x0000020ef09ed7c0: 0049 ff8f | 5005 0000 | e93e 0000 | 004c 894a | 0848 8bca | 4883 ec20 | 40f6 c40f | 0f84 1900 
  0x0000020ef09ed7e0: 0000 4883 | ec08 48b8 | e03f 67dd | fd7f 0000 | ffd0 4883 | c408 e90c | 0000 0048 | b8e0 3f67 
  0x0000020ef09ed800: ddfd 7f00 | 00ff d048 | 83c4 204c | 8b6d c049 | ba41 bdee | ddfd 7f00 | 0041 803a | 000f 843e 
  0x0000020ef09ed820: 0000 0048 | 8b55 e849 | 8bcf 4883 | ec20 40f6 | c40f 0f84 | 1900 0000 | 4883 ec08 | 48b8 f0f0 
  0x0000020ef09ed840: 9edd fd7f | 0000 ffd0 | 4883 c408 | e90c 0000 | 0048 b8f0 | f09e ddfd | 7f00 00ff | d048 83c4 
  0x0000020ef09ed860: 2048 8b04 | 2448 83c4 | 10c5 fb10 | 0424 4883 | c410 4c8b | 5d18 41ff | d34c 8b5d | f8c9 5f49 
  0x0000020ef09ed880: 8be3 ffe7 | ba00 0000 | 00e8 0500 | 0000 e996 | 0000 0048 | 8d44 2408 | 4c89 6dc0 | 498b cfc5 
  0x0000020ef09ed8a0: f877 4989 | afb0 0300 | 0049 8987 | a003 0000 | 4883 ec20 | 40f6 c40f | 0f84 1900 | 0000 4883 
  0x0000020ef09ed8c0: ec08 48b8 | 9033 67dd | fd7f 0000 | ffd0 4883 | c408 e90c | 0000 0048 | b890 3367 | ddfd 7f00 
  0x0000020ef09ed8e0: 00ff d048 | 83c4 2049 | c787 a003 | 0000 0000 | 0000 49c7 | 87b0 0300 | 0000 0000 | 0049 c787 
  0x0000020ef09ed900: a803 0000 | 0000 0000 | c5f8 7749 | 837f 0800 | 0f84 0500 | 0000 e9a5 | 35ff ff4c | 8b6d c04c 
  0x0000020ef09ed920: 8b75 c84e | 8d74 f500 | c348 8b5d | e8e9 26f6 | ffff 660f | 1f44 0000 
[/MachCode]

Compiled method (c1) 86647261  884       3       java.security.AccessController::doPrivileged (17 bytes)
 total in heap  [0x0000020ee96a8e08,0x0000020ee96a9390] = 1416
 relocation     [0x0000020ee96a8ee0,0x0000020ee96a8f78] = 152
 main code      [0x0000020ee96a8f80,0x0000020ee96a9300] = 896
 stub code      [0x0000020ee96a9300,0x0000020ee96a9378] = 120
 metadata       [0x0000020ee96a9378,0x0000020ee96a9390] = 24
 immutable data [0x0000020ec70916c0,0x0000020ec7091858] = 408
 dependencies   [0x0000020ec70916c0,0x0000020ec70916c8] = 8
 nul chk table  [0x0000020ec70916c8,0x0000020ec70916d8] = 16
 scopes pcs     [0x0000020ec70916d8,0x0000020ec7091798] = 192
 scopes data    [0x0000020ec7091798,0x0000020ec7091858] = 192

[Constant Pool (empty)]

[MachCode]
[Verified Entry Point]
  # {method} {0x0000020e8249ac98} 'doPrivileged' '(Ljava/security/PrivilegedAction;Ljava/security/AccessControlContext;)Ljava/lang/Object;' in 'java/security/AccessController'
  # parm0:    rdx:rdx   = 'java/security/PrivilegedAction'
  # parm1:    r8:r8     = 'java/security/AccessControlContext'
  #           [sp+0x80]  (sp of caller)
  0x0000020ee96a8f80: 8984 2400 | 80ff ff55 | 4883 ec70 | 4181 7f20 | 0100 0000 

  0x0000020ee96a8f94: ;   {runtime_call StubRoutines (final stubs)}
  0x0000020ee96a8f94: 7405 e8a5 

  0x0000020ee96a8f98: ;   {metadata(method data for {method} {0x0000020e8249ac98} 'doPrivileged' '(Ljava/security/PrivilegedAction;Ljava/security/AccessControlContext;)Ljava/lang/Object;' in 'java/security/AccessController')}
  0x0000020ee96a8f98: e736 0748 | be90 484f | c30e 0200 | 008b becc | 0000 0083 | c702 89be | cc00 0000 | 81e7 fe07 
  0x0000020ee96a8fb8: 0000 85ff | 0f84 7402 | 0000 4c89 | 4424 4048 | 8954 2448 

  0x0000020ee96a8fcc: ;   {metadata(method data for {method} {0x0000020e8249ac98} 'doPrivileged' '(Ljava/security/PrivilegedAction;Ljava/security/AccessControlContext;)Ljava/lang/Object;' in 'java/security/AccessController')}
  0x0000020ee96a8fcc: 48be 9048 | 4fc3 0e02 | 0000 4883 | 8618 0100 

  0x0000020ee96a8fdc: ;   {static_call}
  0x0000020ee96a8fdc: 0001 90e8 

  0x0000020ee96a8fe0: ; ImmutableOopMap {[64]=Oop [72]=Oop }
                      ;*invokestatic getCallerClass {reexecute=0 rethrow=0 return_oop=0}
                      ; - java.security.AccessController::doPrivileged@0 (line 398)
  0x0000020ee96a8fe0: cc21 a907 

  0x0000020ee96a8fe4: ;   {other}
  0x0000020ee96a8fe4: 0f1f 8400 | dc01 0000 | 4889 4424 

  0x0000020ee96a8ff0: ;   {metadata(method data for {method} {0x0000020e8249ac98} 'doPrivileged' '(Ljava/security/PrivilegedAction;Ljava/security/AccessControlContext;)Ljava/lang/Object;' in 'java/security/AccessController')}
  0x0000020ee96a8ff0: 5048 ba90 | 484f c30e | 0200 0048 | 8382 2801 | 0000 0148 | 8b54 2440 | 4c8b c00f 

  0x0000020ee96a900c: ;   {static_call}
  0x0000020ee96a900c: 1f40 00e8 

  0x0000020ee96a9010: ; ImmutableOopMap {[72]=Oop [80]=Oop }
                      ;*invokestatic checkContext {reexecute=0 rethrow=0 return_oop=0}
                      ; - java.security.AccessController::doPrivileged@6 (line 399)
  0x0000020ee96a9010: 8cfb ffff 

  0x0000020ee96a9014: ;   {other}
  0x0000020ee96a9014: 0f1f 8400 | 0c02 0001 | 4889 4424 

  0x0000020ee96a9020: ;   {metadata(method data for {method} {0x0000020e8249ac98} 'doPrivileged' '(Ljava/security/PrivilegedAction;Ljava/security/AccessControlContext;)Ljava/lang/Object;' in 'java/security/AccessController')}
  0x0000020ee96a9020: 5848 ba90 | 484f c30e | 0200 0048 | 8382 3801 

  0x0000020ee96a9030: ;   {metadata(method data for {method} {0x0000020e8249af20} 'executePrivileged' '(Ljava/security/PrivilegedAction;Ljava/security/AccessControlContext;Ljava/lang/Class;)Ljava/lang/Object;' in 'java/security/AccessController')}
  0x0000020ee96a9030: 0000 0148 | ba50 7a0e | c30e 0200 | 008b b2cc | 0000 0083 | c602 89b2 | cc00 0000 | 81e6 feff 
  0x0000020ee96a9050: 1f00 85f6 | 0f84 fd01 | 0000 4885 

  0x0000020ee96a905c: ;   {metadata(method data for {method} {0x0000020e8249af20} 'executePrivileged' '(Ljava/security/PrivilegedAction;Ljava/security/AccessControlContext;Ljava/lang/Class;)Ljava/lang/Object;' in 'java/security/AccessController')}
  0x0000020ee96a905c: c048 ba50 | 7a0e c30e | 0200 00be | 1801 0000 | 7405 be28 | 0100 0048 | 8b3c 3248 | 8d7f 0148 
  0x0000020ee96a907c: 893c 320f | 8427 0000 

  0x0000020ee96a9084: ;   {metadata(method data for {method} {0x0000020e8249af20} 'executePrivileged' '(Ljava/security/PrivilegedAction;Ljava/security/AccessControlContext;Ljava/lang/Class;)Ljava/lang/Object;' in 'java/security/AccessController')}
  0x0000020ee96a9084: 0048 ba50 | 7a0e c30e | 0200 0048 | 8382 3801 | 0000 0148 | 8bd0 0f1f 

  0x0000020ee96a909c: ;   {static_call}
  0x0000020ee96a909c: 4400 00e8 

  0x0000020ee96a90a0: ; ImmutableOopMap {[72]=Oop [80]=Oop [88]=Oop }
                      ;*invokestatic ensureMaterializedForStackWalk {reexecute=0 rethrow=0 return_oop=0}
                      ; - java.security.AccessController::executePrivileged@5 (line 774)
                      ; - java.security.AccessController::doPrivileged@13 (line 400)
  0x0000020ee96a90a0: 0ca0 a907 

  0x0000020ee96a90a4: ;   {other}
  0x0000020ee96a90a4: 0f1f 8400 | 9c02 0002 

  0x0000020ee96a90ac: ;   {metadata(method data for {method} {0x0000020e8249af20} 'executePrivileged' '(Ljava/security/PrivilegedAction;Ljava/security/AccessControlContext;Ljava/lang/Class;)Ljava/lang/Object;' in 'java/security/AccessController')}
  0x0000020ee96a90ac: 48ba 507a | 0ec3 0e02 | 0000 ff82 | 4801 0000 | 488b 5424 | 4848 3b02 

  0x0000020ee96a90c4: ;   {metadata(method data for {method} {0x0000020e8249af20} 'executePrivileged' '(Ljava/security/PrivilegedAction;Ljava/security/AccessControlContext;Ljava/lang/Class;)Ljava/lang/Object;' in 'java/security/AccessController')}
  0x0000020ee96a90c4: 488b f248 | bf50 7a0e | c30e 0200 | 008b 7608 | 49ba 0000 | 0082 0e02 | 0000 4903 | f248 3bb7 
  0x0000020ee96a90e4: b001 0000 | 750d 4883 | 87b8 0100 | 0001 e960 | 0000 0048 | 3bb7 c001 | 0000 750d | 4883 87c8 
  0x0000020ee96a9104: 0100 0001 | e94a 0000 | 0048 83bf | b001 0000 | 0075 1748 | 89b7 b001 | 0000 48c7 | 87b8 0100 
  0x0000020ee96a9124: 0001 0000 | 00e9 2900 | 0000 4883 | bfc0 0100 | 0000 7517 | 4889 b7c0 | 0100 0048 | c787 c801 
  0x0000020ee96a9144: 0000 0100 | 0000 e908 | 0000 0048 | 8387 a801 | 0000 0166 | 0f1f 4400 | 0048 b860 | 640c c70e 
  0x0000020ee96a9164: ;   {virtual_call}
  0x0000020ee96a9164: 0200 00e8 

  0x0000020ee96a9168: ; ImmutableOopMap {[80]=Oop [88]=Oop }
                      ;*invokeinterface run {reexecute=0 rethrow=0 return_oop=0}
                      ; - java.security.AccessController::executePrivileged@29 (line 778)
                      ; - java.security.AccessController::doPrivileged@13 (line 400)
  0x0000020ee96a9168: e43a 4507 

  0x0000020ee96a916c: ;   {other}
  0x0000020ee96a916c: 0f1f 8400 | 6403 0003 

  0x0000020ee96a9174: ;   {metadata(method data for {method} {0x0000020e8249af20} 'executePrivileged' '(Ljava/security/PrivilegedAction;Ljava/security/AccessControlContext;Ljava/lang/Class;)Ljava/lang/Object;' in 'java/security/AccessController')}
  0x0000020ee96a9174: 48ba 507a | 0ec3 0e02 | 0000 ff82 | d801 0000 

  0x0000020ee96a9184: ;   {metadata(method data for {method} {0x0000020e8249af20} 'executePrivileged' '(Ljava/security/PrivilegedAction;Ljava/security/AccessControlContext;Ljava/lang/Class;)Ljava/lang/Object;' in 'java/security/AccessController')}
  0x0000020ee96a9184: 48ba 507a | 0ec3 0e02 | 0000 4883 | 8238 0200 | 0001 488b | d048 8944 

  0x0000020ee96a919c: ;   {static_call}
  0x0000020ee96a919c: 2460 90e8 

  0x0000020ee96a91a0: ; ImmutableOopMap {[80]=Oop [88]=Oop [96]=Oop }
                      ;*invokestatic ensureMaterializedForStackWalk {reexecute=0 rethrow=0 return_oop=0}
                      ; - java.security.AccessController::executePrivileged@56 (line 786)
                      ; - java.security.AccessController::doPrivileged@13 (line 400)
  0x0000020ee96a91a0: 0c9f a907 

  0x0000020ee96a91a4: ;   {other}
  0x0000020ee96a91a4: 0f1f 8400 | 9c03 0004 

  0x0000020ee96a91ac: ;   {metadata(method data for {method} {0x0000020e8249af20} 'executePrivileged' '(Ljava/security/PrivilegedAction;Ljava/security/AccessControlContext;Ljava/lang/Class;)Ljava/lang/Object;' in 'java/security/AccessController')}
  0x0000020ee96a91ac: 48b8 507a | 0ec3 0e02 | 0000 4883 | 8048 0200 

  0x0000020ee96a91bc: ;   {metadata(method data for {method} {0x0000020e821956f0} 'reachabilityFence' '(Ljava/lang/Object;)V' in 'java/lang/ref/Reference')}
  0x0000020ee96a91bc: 0001 48b8 | 08f8 0ac3 | 0e02 0000 | 8bb0 cc00 | 0000 83c6 | 0289 b0cc | 0000 0081 | e6fe ff1f 
  0x0000020ee96a91dc: 0085 f60f | 8498 0000 

  0x0000020ee96a91e4: ;   {metadata(method data for {method} {0x0000020e8249af20} 'executePrivileged' '(Ljava/security/PrivilegedAction;Ljava/security/AccessControlContext;Ljava/lang/Class;)Ljava/lang/Object;' in 'java/security/AccessController')}
  0x0000020ee96a91e4: 0048 b850 | 7a0e c30e | 0200 0048 | 8380 5802 

  0x0000020ee96a91f4: ;   {metadata(method data for {method} {0x0000020e821956f0} 'reachabilityFence' '(Ljava/lang/Object;)V' in 'java/lang/ref/Reference')}
  0x0000020ee96a91f4: 0000 0148 | b808 f80a | c30e 0200 | 008b b0cc | 0000 0083 | c602 89b0 | cc00 0000 | 81e6 feff 
  0x0000020ee96a9214: 1f00 85f6 | 0f84 8000 | 0000 488b | 4424 6048 | 83c4 705d 

  0x0000020ee96a9228: ;   {poll_return}
  0x0000020ee96a9228: 493b a748 | 0400 000f | 878a 0000 

  0x0000020ee96a9234: ;   {metadata({method} {0x0000020e8249ac98} 'doPrivileged' '(Ljava/security/PrivilegedAction;Ljava/security/AccessControlContext;)Ljava/lang/Object;' in 'java/security/AccessController')}
  0x0000020ee96a9234: 00c3 49ba | 90ac 4982 | 0e02 0000 | 4c89 5424 | 0848 c704 | 24ff ffff 

  0x0000020ee96a924c: ;   {runtime_call counter_overflow Runtime1 stub}
  0x0000020ee96a924c: ffe8 0e01 

  0x0000020ee96a9250: ; ImmutableOopMap {rdx=Oop r8=Oop }
                      ;*synchronization entry
                      ; - java.security.AccessController::doPrivileged@-1 (line 398)
  0x0000020ee96a9250: 4507 e96b 

  0x0000020ee96a9254: ;   {metadata({method} {0x0000020e8249af20} 'executePrivileged' '(Ljava/security/PrivilegedAction;Ljava/security/AccessControlContext;Ljava/lang/Class;)Ljava/lang/Object;' in 'java/security/AccessController')}
  0x0000020ee96a9254: fdff ff49 | ba18 af49 | 820e 0200 | 004c 8954 | 2408 48c7 | 0424 ffff 

  0x0000020ee96a926c: ;   {runtime_call counter_overflow Runtime1 stub}
  0x0000020ee96a926c: ffff e8ed 

  0x0000020ee96a9270: ; ImmutableOopMap {rax=Oop [72]=Oop [80]=Oop [88]=Oop }
                      ;*synchronization entry
                      ; - java.security.AccessController::executePrivileged@-1 (line 773)
                      ; - java.security.AccessController::doPrivileged@13 (line 400)
  0x0000020ee96a9270: 0045 07e9 | e2fd ffff 

  0x0000020ee96a9278: ;   {runtime_call throw_null_pointer_exception Runtime1 stub}
  0x0000020ee96a9278: e863 a144 

  0x0000020ee96a927c: ; ImmutableOopMap {rdx=Oop [80]=Oop [88]=Oop }
                      ;*invokeinterface run {reexecute=0 rethrow=0 return_oop=0}
                      ; - java.security.AccessController::executePrivileged@29 (line 778)
                      ; - java.security.AccessController::doPrivileged@13 (line 400)
                      ;   {metadata({method} {0x0000020e821956f0} 'reachabilityFence' '(Ljava/lang/Object;)V' in 'java/lang/ref/Reference')}
  0x0000020ee96a927c: 0749 bae8 | 5619 820e | 0200 004c | 8954 2408 | 48c7 0424 | ffff ffff 

  0x0000020ee96a9294: ;   {runtime_call counter_overflow Runtime1 stub}
  0x0000020ee96a9294: e8c7 0045 

  0x0000020ee96a9298: ; ImmutableOopMap {[80]=Oop [96]=Oop }
                      ;*synchronization entry
                      ; - java.lang.ref.Reference::reachabilityFence@-1 (line 661)
                      ; - java.security.AccessController::executePrivileged@60 (line 790)
                      ; - java.security.AccessController::doPrivileged@13 (line 400)
  0x0000020ee96a9298: 07e9 47ff 

  0x0000020ee96a929c: ;   {metadata({method} {0x0000020e821956f0} 'reachabilityFence' '(Ljava/lang/Object;)V' in 'java/lang/ref/Reference')}
  0x0000020ee96a929c: ffff 49ba | e856 1982 | 0e02 0000 | 4c89 5424 | 0848 c704 | 24ff ffff 

  0x0000020ee96a92b4: ;   {runtime_call counter_overflow Runtime1 stub}
  0x0000020ee96a92b4: ffe8 a600 

  0x0000020ee96a92b8: ; ImmutableOopMap {[96]=Oop }
                      ;*synchronization entry
                      ; - java.lang.ref.Reference::reachabilityFence@-1 (line 661)
                      ; - java.security.AccessController::executePrivileged@64 (line 791)
                      ; - java.security.AccessController::doPrivileged@13 (line 400)
  0x0000020ee96a92b8: 4507 e95f 

  0x0000020ee96a92bc: ;   {internal_word}
  0x0000020ee96a92bc: ffff ff49 | ba28 926a | e90e 0200 | 004d 8997 | 6004 0000 

  0x0000020ee96a92d0: ;   {runtime_call SafepointBlob}
  0x0000020ee96a92d0: e90b c138 | 0749 8b87 | 0005 0000 | 49c7 8700 | 0500 0000 | 0000 0049 | c787 0805 | 0000 0000 
  0x0000020ee96a92f0: 0000 4883 

  0x0000020ee96a92f4: ;   {runtime_call unwind_exception Runtime1 stub}
  0x0000020ee96a92f4: c470 5de9 | e491 4407 | f4f4 f4f4 
[Stub Code]
  0x0000020ee96a9300: ;   {no_reloc}
  0x0000020ee96a9300: 0f1f 4400 

  0x0000020ee96a9304: ;   {static_stub}
  0x0000020ee96a9304: 0048 bb00 | 0000 0000 

  0x0000020ee96a930c: ;   {runtime_call nmethod}
  0x0000020ee96a930c: 0000 00e9 | fbff ffff 

  0x0000020ee96a9314: ;   {static_stub}
  0x0000020ee96a9314: 48bb 0000 | 0000 0000 

  0x0000020ee96a931c: ;   {runtime_call nmethod}
  0x0000020ee96a931c: 0000 e9fb 

  0x0000020ee96a9320: ;   {static_stub}
  0x0000020ee96a9320: ffff ff48 | bb00 0000 | 0000 0000 

  0x0000020ee96a932c: ;   {runtime_call nmethod}
  0x0000020ee96a932c: 00e9 fbff 

  0x0000020ee96a9330: ;   {static_stub}
  0x0000020ee96a9330: ffff 48bb | 0000 0000 | 0000 0000 

  0x0000020ee96a933c: ;   {runtime_call nmethod}
  0x0000020ee96a933c: e9fb ffff 

  0x0000020ee96a9340: ;   {runtime_call handle_exception_from_callee Runtime1 stub}
  0x0000020ee96a9340: ffe8 1ac8 

  0x0000020ee96a9344: ;   {external_word}
  0x0000020ee96a9344: 4407 48b9 | 40e5 c6dd | fd7f 0000 | 4883 e4f0 

  0x0000020ee96a9354: ;   {runtime_call}
  0x0000020ee96a9354: 48b8 504d | 8ddd fd7f | 0000 ffd0 

  0x0000020ee96a9360: ;   {section_word}
  0x0000020ee96a9360: f449 ba61 | 936a e90e | 0200 0041 

  0x0000020ee96a936c: ;   {runtime_call DeoptimizationBlob}
  0x0000020ee96a936c: 52e9 0eb3 | 3807 f4f4 | f4f4 f4f4 
[/MachCode]


---------------  P R O C E S S  ---------------

Threads class SMR info:
_java_thread_list=0x0000020ec7139de0, length=15, elements={
0x0000020e80fafbe0, 0x0000020e80fb2650, 0x0000020e80fb30b0, 0x0000020e80fb3b10,
0x0000020e80fb4570, 0x0000020e80fb5710, 0x0000020e80fc89f0, 0x0000020e80fca640,
0x0000020e81475db0, 0x0000020e8147ac90, 0x0000020e815f13d0, 0x0000020e815fc520,
0x0000020e815fd7c0, 0x0000020ec70889b0, 0x0000020ede963d90
}

Java Threads: ( => current thread )
  0x0000020e80fafbe0 JavaThread "Reference Handler"          daemon [_thread_blocked, id=33976, stack(0x0000001153300000,0x0000001153400000) (1024K)]
  0x0000020e80fb2650 JavaThread "Finalizer"                  daemon [_thread_blocked, id=39096, stack(0x0000001153400000,0x0000001153500000) (1024K)]
  0x0000020e80fb30b0 JavaThread "Signal Dispatcher"          daemon [_thread_blocked, id=40304, stack(0x0000001153500000,0x0000001153600000) (1024K)]
  0x0000020e80fb3b10 JavaThread "Attach Listener"            daemon [_thread_blocked, id=40708, stack(0x0000001153600000,0x0000001153700000) (1024K)]
  0x0000020e80fb4570 JavaThread "Service Thread"             daemon [_thread_blocked, id=6956, stack(0x0000001153700000,0x0000001153800000) (1024K)]
  0x0000020e80fb5710 JavaThread "Monitor Deflation Thread"   daemon [_thread_blocked, id=42320, stack(0x0000001153800000,0x0000001153900000) (1024K)]
  0x0000020e80fc89f0 JavaThread "C2 CompilerThread0"         daemon [_thread_blocked, id=2728, stack(0x0000001153900000,0x0000001153a00000) (1024K)]
  0x0000020e80fca640 JavaThread "C1 CompilerThread0"         daemon [_thread_blocked, id=35468, stack(0x0000001153a00000,0x0000001153b00000) (1024K)]
  0x0000020e81475db0 JavaThread "Notification Thread"        daemon [_thread_blocked, id=13504, stack(0x0000001153e00000,0x0000001153f00000) (1024K)]
  0x0000020e8147ac90 JavaThread "Common-Cleaner"             daemon [_thread_blocked, id=42200, stack(0x0000001153f00000,0x0000001154000000) (1024K)]
  0x0000020e815f13d0 JavaThread "Java2D Disposer"            daemon [_thread_blocked, id=20232, stack(0x0000001154000000,0x0000001154100000) (1024K)]
  0x0000020e815fc520 JavaThread "AWT-Shutdown"                      [_thread_blocked, id=31536, stack(0x0000001154100000,0x0000001154200000) (1024K)]
  0x0000020e815fd7c0 JavaThread "AWT-Windows"                daemon [_thread_in_native, id=34860, stack(0x0000001154200000,0x0000001154300000) (1024K)]
=>0x0000020ec70889b0 JavaThread "AWT-EventQueue-0"                  [_thread_in_native, id=42208, stack(0x0000001154300000,0x0000001154400000) (1024K)]
  0x0000020ede963d90 JavaThread "DestroyJavaVM"                     [_thread_blocked, id=19448, stack(0x0000001152b00000,0x0000001152c00000) (1024K)]
Total: 15

Other Threads:
  0x0000020e80f976a0 VMThread "VM Thread"                           [id=39072, stack(0x0000001153200000,0x0000001153300000) (1024K)]
  0x0000020e80f83a50 WatcherThread "VM Periodic Task Thread"        [id=34420, stack(0x0000001153100000,0x0000001153200000) (1024K)]
  0x0000020ee0eb2820 WorkerThread "GC Thread#0"                     [id=29228, stack(0x0000001152c00000,0x0000001152d00000) (1024K)]
  0x0000020ee0ec7240 ConcurrentGCThread "G1 Main Marker"            [id=19308, stack(0x0000001152d00000,0x0000001152e00000) (1024K)]
  0x0000020ee0ec7d50 WorkerThread "G1 Conc#0"                       [id=40040, stack(0x0000001152e00000,0x0000001152f00000) (1024K)]
  0x0000020e80e541a0 ConcurrentGCThread "G1 Refine#0"               [id=42944, stack(0x0000001152f00000,0x0000001153000000) (1024K)]
  0x0000020e80e579f0 ConcurrentGCThread "G1 Service"                [id=13400, stack(0x0000001153000000,0x0000001153100000) (1024K)]
Total: 7

Threads with active compile tasks:
Total: 0

VM state: not at safepoint (normal execution)

VM Mutex/Monitor currently owned by a thread: None

Heap address: 0x0000000704e00000, size: 4018 MB, Compressed Oops mode: Zero based, Oop shift amount: 3

CDS archive(s) mapped at: [0x0000020e82000000-0x0000020e82d70000-0x0000020e82d70000), size 14090240, SharedBaseAddress: 0x0000020e82000000, ArchiveRelocationMode: 1.
Compressed class space mapped at: 0x0000020e83000000-0x0000020ec3000000, reserved size: 1073741824
Narrow klass base: 0x0000020e82000000, Narrow klass shift: 0, Narrow klass range: 0x41000000

GC Precious Log:
 CardTable entry size: 512
 Card Set container configuration: InlinePtr #cards 4 size 8 Array Of Cards #cards 16 size 48 Howl #buckets 8 coarsen threshold 3686 Howl Bitmap #cards 512 size 80 coarsen threshold 460 Card regions per heap region 1 cards per card region 4096
 CPUs: 20 total, 20 available
 Memory: 16068M
 Large Page Support: Disabled
 NUMA Support: Disabled
 Compressed Oops: Enabled (Zero based)
 Heap Region Size: 2M
 Heap Min Capacity: 8M
 Heap Initial Capacity: 252M
 Heap Max Capacity: 4018M
 Pre-touch: Disabled
 Parallel Workers: 15
 Concurrent Workers: 4
 Concurrent Refinement Workers: 15
 Periodic GC: Disabled

Heap:
 garbage-first heap   total reserved 4114432K, committed 258048K, used 34816K [0x0000000704e00000, 0x0000000800000000)
  region size 2048K, 8 young (16384K), 0 survivors (0K)
 Metaspace       used 6560K, committed 6784K, reserved 1114112K
  class space    used 716K, committed 832K, reserved 1048576K

Heap Regions: E=young(eden), S=young(survivor), O=old, HS=humongous(starts), HC=humongous(continues), CS=collection set, F=free, TAMS=top-at-mark-start, PB=parsable bottom
|   0|0x0000000704e00000, 0x0000000705000000, 0x0000000705000000|100%|HS|  |TAMS 0x0000000704e00000| PB 0x0000000704e00000| Complete |  0
|   1|0x0000000705000000, 0x0000000705200000, 0x0000000705200000|100%|HC|  |TAMS 0x0000000705000000| PB 0x0000000705000000| Complete |  0
|   2|0x0000000705200000, 0x0000000705400000, 0x0000000705400000|100%|HC|  |TAMS 0x0000000705200000| PB 0x0000000705200000| Complete |  0
|   3|0x0000000705400000, 0x0000000705600000, 0x0000000705600000|100%|HC|  |TAMS 0x0000000705400000| PB 0x0000000705400000| Complete |  0
|   4|0x0000000705600000, 0x0000000705800000, 0x0000000705800000|100%|HS|  |TAMS 0x0000000705600000| PB 0x0000000705600000| Complete |  0
|   5|0x0000000705800000, 0x0000000705a00000, 0x0000000705a00000|100%|HC|  |TAMS 0x0000000705800000| PB 0x0000000705800000| Complete |  0
|   6|0x0000000705a00000, 0x0000000705c00000, 0x0000000705c00000|100%|HC|  |TAMS 0x0000000705a00000| PB 0x0000000705a00000| Complete |  0
|   7|0x0000000705c00000, 0x0000000705e00000, 0x0000000705e00000|100%|HS|  |TAMS 0x0000000705c00000| PB 0x0000000705c00000| Complete |  0
|   8|0x0000000705e00000, 0x0000000706000000, 0x0000000706000000|100%|HC|  |TAMS 0x0000000705e00000| PB 0x0000000705e00000| Complete |  0
|   9|0x0000000706000000, 0x0000000706200000, 0x0000000706200000|100%|HC|  |TAMS 0x0000000706000000| PB 0x0000000706000000| Complete |  0
|  10|0x0000000706200000, 0x0000000706200000, 0x0000000706400000|  0%| F|  |TAMS 0x0000000706200000| PB 0x0000000706200000| Untracked |  0
|  11|0x0000000706400000, 0x0000000706400000, 0x0000000706600000|  0%| F|  |TAMS 0x0000000706400000| PB 0x0000000706400000| Untracked |  0
|  12|0x0000000706600000, 0x0000000706600000, 0x0000000706800000|  0%| F|  |TAMS 0x0000000706600000| PB 0x0000000706600000| Untracked |  0
|  13|0x0000000706800000, 0x0000000706800000, 0x0000000706a00000|  0%| F|  |TAMS 0x0000000706800000| PB 0x0000000706800000| Untracked |  0
|  14|0x0000000706a00000, 0x0000000706a00000, 0x0000000706c00000|  0%| F|  |TAMS 0x0000000706a00000| PB 0x0000000706a00000| Untracked |  0
|  15|0x0000000706c00000, 0x0000000706c00000, 0x0000000706e00000|  0%| F|  |TAMS 0x0000000706c00000| PB 0x0000000706c00000| Untracked |  0
|  16|0x0000000706e00000, 0x0000000706e00000, 0x0000000707000000|  0%| F|  |TAMS 0x0000000706e00000| PB 0x0000000706e00000| Untracked |  0
|  17|0x0000000707000000, 0x0000000707000000, 0x0000000707200000|  0%| F|  |TAMS 0x0000000707000000| PB 0x0000000707000000| Untracked |  0
|  18|0x0000000707200000, 0x0000000707200000, 0x0000000707400000|  0%| F|  |TAMS 0x0000000707200000| PB 0x0000000707200000| Untracked |  0
|  19|0x0000000707400000, 0x0000000707400000, 0x0000000707600000|  0%| F|  |TAMS 0x0000000707400000| PB 0x0000000707400000| Untracked |  0
|  20|0x0000000707600000, 0x0000000707600000, 0x0000000707800000|  0%| F|  |TAMS 0x0000000707600000| PB 0x0000000707600000| Untracked |  0
|  21|0x0000000707800000, 0x0000000707800000, 0x0000000707a00000|  0%| F|  |TAMS 0x0000000707800000| PB 0x0000000707800000| Untracked |  0
|  22|0x0000000707a00000, 0x0000000707a00000, 0x0000000707c00000|  0%| F|  |TAMS 0x0000000707a00000| PB 0x0000000707a00000| Untracked |  0
|  23|0x0000000707c00000, 0x0000000707c00000, 0x0000000707e00000|  0%| F|  |TAMS 0x0000000707c00000| PB 0x0000000707c00000| Untracked |  0
|  24|0x0000000707e00000, 0x0000000707e00000, 0x0000000708000000|  0%| F|  |TAMS 0x0000000707e00000| PB 0x0000000707e00000| Untracked |  0
|  25|0x0000000708000000, 0x0000000708000000, 0x0000000708200000|  0%| F|  |TAMS 0x0000000708000000| PB 0x0000000708000000| Untracked |  0
|  26|0x0000000708200000, 0x0000000708200000, 0x0000000708400000|  0%| F|  |TAMS 0x0000000708200000| PB 0x0000000708200000| Untracked |  0
|  27|0x0000000708400000, 0x0000000708400000, 0x0000000708600000|  0%| F|  |TAMS 0x0000000708400000| PB 0x0000000708400000| Untracked |  0
|  28|0x0000000708600000, 0x0000000708600000, 0x0000000708800000|  0%| F|  |TAMS 0x0000000708600000| PB 0x0000000708600000| Untracked |  0
|  29|0x0000000708800000, 0x0000000708800000, 0x0000000708a00000|  0%| F|  |TAMS 0x0000000708800000| PB 0x0000000708800000| Untracked |  0
|  30|0x0000000708a00000, 0x0000000708a00000, 0x0000000708c00000|  0%| F|  |TAMS 0x0000000708a00000| PB 0x0000000708a00000| Untracked |  0
|  31|0x0000000708c00000, 0x0000000708c00000, 0x0000000708e00000|  0%| F|  |TAMS 0x0000000708c00000| PB 0x0000000708c00000| Untracked |  0
|  32|0x0000000708e00000, 0x0000000708e00000, 0x0000000709000000|  0%| F|  |TAMS 0x0000000708e00000| PB 0x0000000708e00000| Untracked |  0
|  33|0x0000000709000000, 0x0000000709000000, 0x0000000709200000|  0%| F|  |TAMS 0x0000000709000000| PB 0x0000000709000000| Untracked |  0
|  34|0x0000000709200000, 0x0000000709200000, 0x0000000709400000|  0%| F|  |TAMS 0x0000000709200000| PB 0x0000000709200000| Untracked |  0
|  35|0x0000000709400000, 0x0000000709400000, 0x0000000709600000|  0%| F|  |TAMS 0x0000000709400000| PB 0x0000000709400000| Untracked |  0
|  36|0x0000000709600000, 0x0000000709600000, 0x0000000709800000|  0%| F|  |TAMS 0x0000000709600000| PB 0x0000000709600000| Untracked |  0
|  37|0x0000000709800000, 0x0000000709800000, 0x0000000709a00000|  0%| F|  |TAMS 0x0000000709800000| PB 0x0000000709800000| Untracked |  0
|  38|0x0000000709a00000, 0x0000000709a00000, 0x0000000709c00000|  0%| F|  |TAMS 0x0000000709a00000| PB 0x0000000709a00000| Untracked |  0
|  39|0x0000000709c00000, 0x0000000709c00000, 0x0000000709e00000|  0%| F|  |TAMS 0x0000000709c00000| PB 0x0000000709c00000| Untracked |  0
|  40|0x0000000709e00000, 0x0000000709e00000, 0x000000070a000000|  0%| F|  |TAMS 0x0000000709e00000| PB 0x0000000709e00000| Untracked |  0
|  41|0x000000070a000000, 0x000000070a000000, 0x000000070a200000|  0%| F|  |TAMS 0x000000070a000000| PB 0x000000070a000000| Untracked |  0
|  42|0x000000070a200000, 0x000000070a200000, 0x000000070a400000|  0%| F|  |TAMS 0x000000070a200000| PB 0x000000070a200000| Untracked |  0
|  43|0x000000070a400000, 0x000000070a400000, 0x000000070a600000|  0%| F|  |TAMS 0x000000070a400000| PB 0x000000070a400000| Untracked |  0
|  44|0x000000070a600000, 0x000000070a600000, 0x000000070a800000|  0%| F|  |TAMS 0x000000070a600000| PB 0x000000070a600000| Untracked |  0
|  45|0x000000070a800000, 0x000000070a800000, 0x000000070aa00000|  0%| F|  |TAMS 0x000000070a800000| PB 0x000000070a800000| Untracked |  0
|  46|0x000000070aa00000, 0x000000070aa00000, 0x000000070ac00000|  0%| F|  |TAMS 0x000000070aa00000| PB 0x000000070aa00000| Untracked |  0
|  47|0x000000070ac00000, 0x000000070ac00000, 0x000000070ae00000|  0%| F|  |TAMS 0x000000070ac00000| PB 0x000000070ac00000| Untracked |  0
|  48|0x000000070ae00000, 0x000000070ae00000, 0x000000070b000000|  0%| F|  |TAMS 0x000000070ae00000| PB 0x000000070ae00000| Untracked |  0
|  49|0x000000070b000000, 0x000000070b000000, 0x000000070b200000|  0%| F|  |TAMS 0x000000070b000000| PB 0x000000070b000000| Untracked |  0
|  50|0x000000070b200000, 0x000000070b200000, 0x000000070b400000|  0%| F|  |TAMS 0x000000070b200000| PB 0x000000070b200000| Untracked |  0
|  51|0x000000070b400000, 0x000000070b400000, 0x000000070b600000|  0%| F|  |TAMS 0x000000070b400000| PB 0x000000070b400000| Untracked |  0
|  52|0x000000070b600000, 0x000000070b600000, 0x000000070b800000|  0%| F|  |TAMS 0x000000070b600000| PB 0x000000070b600000| Untracked |  0
|  53|0x000000070b800000, 0x000000070b800000, 0x000000070ba00000|  0%| F|  |TAMS 0x000000070b800000| PB 0x000000070b800000| Untracked |  0
|  54|0x000000070ba00000, 0x000000070ba00000, 0x000000070bc00000|  0%| F|  |TAMS 0x000000070ba00000| PB 0x000000070ba00000| Untracked |  0
|  55|0x000000070bc00000, 0x000000070bc00000, 0x000000070be00000|  0%| F|  |TAMS 0x000000070bc00000| PB 0x000000070bc00000| Untracked |  0
|  56|0x000000070be00000, 0x000000070be00000, 0x000000070c000000|  0%| F|  |TAMS 0x000000070be00000| PB 0x000000070be00000| Untracked |  0
|  57|0x000000070c000000, 0x000000070c000000, 0x000000070c200000|  0%| F|  |TAMS 0x000000070c000000| PB 0x000000070c000000| Untracked |  0
|  58|0x000000070c200000, 0x000000070c200000, 0x000000070c400000|  0%| F|  |TAMS 0x000000070c200000| PB 0x000000070c200000| Untracked |  0
|  59|0x000000070c400000, 0x000000070c400000, 0x000000070c600000|  0%| F|  |TAMS 0x000000070c400000| PB 0x000000070c400000| Untracked |  0
|  60|0x000000070c600000, 0x000000070c600000, 0x000000070c800000|  0%| F|  |TAMS 0x000000070c600000| PB 0x000000070c600000| Untracked |  0
|  61|0x000000070c800000, 0x000000070c800000, 0x000000070ca00000|  0%| F|  |TAMS 0x000000070c800000| PB 0x000000070c800000| Untracked |  0
|  62|0x000000070ca00000, 0x000000070ca00000, 0x000000070cc00000|  0%| F|  |TAMS 0x000000070ca00000| PB 0x000000070ca00000| Untracked |  0
|  63|0x000000070cc00000, 0x000000070cc00000, 0x000000070ce00000|  0%| F|  |TAMS 0x000000070cc00000| PB 0x000000070cc00000| Untracked |  0
|  64|0x000000070ce00000, 0x000000070ce00000, 0x000000070d000000|  0%| F|  |TAMS 0x000000070ce00000| PB 0x000000070ce00000| Untracked |  0
|  65|0x000000070d000000, 0x000000070d000000, 0x000000070d200000|  0%| F|  |TAMS 0x000000070d000000| PB 0x000000070d000000| Untracked |  0
|  66|0x000000070d200000, 0x000000070d200000, 0x000000070d400000|  0%| F|  |TAMS 0x000000070d200000| PB 0x000000070d200000| Untracked |  0
|  67|0x000000070d400000, 0x000000070d400000, 0x000000070d600000|  0%| F|  |TAMS 0x000000070d400000| PB 0x000000070d400000| Untracked |  0
|  68|0x000000070d600000, 0x000000070d600000, 0x000000070d800000|  0%| F|  |TAMS 0x000000070d600000| PB 0x000000070d600000| Untracked |  0
|  69|0x000000070d800000, 0x000000070d800000, 0x000000070da00000|  0%| F|  |TAMS 0x000000070d800000| PB 0x000000070d800000| Untracked |  0
|  70|0x000000070da00000, 0x000000070da00000, 0x000000070dc00000|  0%| F|  |TAMS 0x000000070da00000| PB 0x000000070da00000| Untracked |  0
|  71|0x000000070dc00000, 0x000000070dc00000, 0x000000070de00000|  0%| F|  |TAMS 0x000000070dc00000| PB 0x000000070dc00000| Untracked |  0
|  72|0x000000070de00000, 0x000000070de00000, 0x000000070e000000|  0%| F|  |TAMS 0x000000070de00000| PB 0x000000070de00000| Untracked |  0
|  73|0x000000070e000000, 0x000000070e000000, 0x000000070e200000|  0%| F|  |TAMS 0x000000070e000000| PB 0x000000070e000000| Untracked |  0
|  74|0x000000070e200000, 0x000000070e200000, 0x000000070e400000|  0%| F|  |TAMS 0x000000070e200000| PB 0x000000070e200000| Untracked |  0
|  75|0x000000070e400000, 0x000000070e400000, 0x000000070e600000|  0%| F|  |TAMS 0x000000070e400000| PB 0x000000070e400000| Untracked |  0
|  76|0x000000070e600000, 0x000000070e600000, 0x000000070e800000|  0%| F|  |TAMS 0x000000070e600000| PB 0x000000070e600000| Untracked |  0
|  77|0x000000070e800000, 0x000000070e800000, 0x000000070ea00000|  0%| F|  |TAMS 0x000000070e800000| PB 0x000000070e800000| Untracked |  0
|  78|0x000000070ea00000, 0x000000070ea00000, 0x000000070ec00000|  0%| F|  |TAMS 0x000000070ea00000| PB 0x000000070ea00000| Untracked |  0
|  79|0x000000070ec00000, 0x000000070ec00000, 0x000000070ee00000|  0%| F|  |TAMS 0x000000070ec00000| PB 0x000000070ec00000| Untracked |  0
|  80|0x000000070ee00000, 0x000000070ee00000, 0x000000070f000000|  0%| F|  |TAMS 0x000000070ee00000| PB 0x000000070ee00000| Untracked |  0
|  81|0x000000070f000000, 0x000000070f000000, 0x000000070f200000|  0%| F|  |TAMS 0x000000070f000000| PB 0x000000070f000000| Untracked |  0
|  82|0x000000070f200000, 0x000000070f200000, 0x000000070f400000|  0%| F|  |TAMS 0x000000070f200000| PB 0x000000070f200000| Untracked |  0
|  83|0x000000070f400000, 0x000000070f400000, 0x000000070f600000|  0%| F|  |TAMS 0x000000070f400000| PB 0x000000070f400000| Untracked |  0
|  84|0x000000070f600000, 0x000000070f600000, 0x000000070f800000|  0%| F|  |TAMS 0x000000070f600000| PB 0x000000070f600000| Untracked |  0
|  85|0x000000070f800000, 0x000000070f800000, 0x000000070fa00000|  0%| F|  |TAMS 0x000000070f800000| PB 0x000000070f800000| Untracked |  0
|  86|0x000000070fa00000, 0x000000070fa00000, 0x000000070fc00000|  0%| F|  |TAMS 0x000000070fa00000| PB 0x000000070fa00000| Untracked |  0
|  87|0x000000070fc00000, 0x000000070fc00000, 0x000000070fe00000|  0%| F|  |TAMS 0x000000070fc00000| PB 0x000000070fc00000| Untracked |  0
|  88|0x000000070fe00000, 0x000000070fe00000, 0x0000000710000000|  0%| F|  |TAMS 0x000000070fe00000| PB 0x000000070fe00000| Untracked |  0
|  89|0x0000000710000000, 0x0000000710000000, 0x0000000710200000|  0%| F|  |TAMS 0x0000000710000000| PB 0x0000000710000000| Untracked |  0
|  90|0x0000000710200000, 0x0000000710200000, 0x0000000710400000|  0%| F|  |TAMS 0x0000000710200000| PB 0x0000000710200000| Untracked |  0
|  91|0x0000000710400000, 0x0000000710400000, 0x0000000710600000|  0%| F|  |TAMS 0x0000000710400000| PB 0x0000000710400000| Untracked |  0
|  92|0x0000000710600000, 0x0000000710600000, 0x0000000710800000|  0%| F|  |TAMS 0x0000000710600000| PB 0x0000000710600000| Untracked |  0
|  93|0x0000000710800000, 0x0000000710800000, 0x0000000710a00000|  0%| F|  |TAMS 0x0000000710800000| PB 0x0000000710800000| Untracked |  0
|  94|0x0000000710a00000, 0x0000000710a00000, 0x0000000710c00000|  0%| F|  |TAMS 0x0000000710a00000| PB 0x0000000710a00000| Untracked |  0
|  95|0x0000000710c00000, 0x0000000710c00000, 0x0000000710e00000|  0%| F|  |TAMS 0x0000000710c00000| PB 0x0000000710c00000| Untracked |  0
|  96|0x0000000710e00000, 0x0000000710e00000, 0x0000000711000000|  0%| F|  |TAMS 0x0000000710e00000| PB 0x0000000710e00000| Untracked |  0
|  97|0x0000000711000000, 0x0000000711000000, 0x0000000711200000|  0%| F|  |TAMS 0x0000000711000000| PB 0x0000000711000000| Untracked |  0
|  98|0x0000000711200000, 0x0000000711200000, 0x0000000711400000|  0%| F|  |TAMS 0x0000000711200000| PB 0x0000000711200000| Untracked |  0
|  99|0x0000000711400000, 0x0000000711400000, 0x0000000711600000|  0%| F|  |TAMS 0x0000000711400000| PB 0x0000000711400000| Untracked |  0
| 100|0x0000000711600000, 0x0000000711600000, 0x0000000711800000|  0%| F|  |TAMS 0x0000000711600000| PB 0x0000000711600000| Untracked |  0
| 101|0x0000000711800000, 0x0000000711800000, 0x0000000711a00000|  0%| F|  |TAMS 0x0000000711800000| PB 0x0000000711800000| Untracked |  0
| 102|0x0000000711a00000, 0x0000000711a00000, 0x0000000711c00000|  0%| F|  |TAMS 0x0000000711a00000| PB 0x0000000711a00000| Untracked |  0
| 103|0x0000000711c00000, 0x0000000711c00000, 0x0000000711e00000|  0%| F|  |TAMS 0x0000000711c00000| PB 0x0000000711c00000| Untracked |  0
| 104|0x0000000711e00000, 0x0000000711e00000, 0x0000000712000000|  0%| F|  |TAMS 0x0000000711e00000| PB 0x0000000711e00000| Untracked |  0
| 105|0x0000000712000000, 0x0000000712000000, 0x0000000712200000|  0%| F|  |TAMS 0x0000000712000000| PB 0x0000000712000000| Untracked |  0
| 106|0x0000000712200000, 0x0000000712200000, 0x0000000712400000|  0%| F|  |TAMS 0x0000000712200000| PB 0x0000000712200000| Untracked |  0
| 107|0x0000000712400000, 0x0000000712400000, 0x0000000712600000|  0%| F|  |TAMS 0x0000000712400000| PB 0x0000000712400000| Untracked |  0
| 108|0x0000000712600000, 0x0000000712600000, 0x0000000712800000|  0%| F|  |TAMS 0x0000000712600000| PB 0x0000000712600000| Untracked |  0
| 109|0x0000000712800000, 0x0000000712800000, 0x0000000712a00000|  0%| F|  |TAMS 0x0000000712800000| PB 0x0000000712800000| Untracked |  0
| 110|0x0000000712a00000, 0x0000000712a00000, 0x0000000712c00000|  0%| F|  |TAMS 0x0000000712a00000| PB 0x0000000712a00000| Untracked |  0
| 111|0x0000000712c00000, 0x0000000712c00000, 0x0000000712e00000|  0%| F|  |TAMS 0x0000000712c00000| PB 0x0000000712c00000| Untracked |  0
| 112|0x0000000712e00000, 0x0000000712e00000, 0x0000000713000000|  0%| F|  |TAMS 0x0000000712e00000| PB 0x0000000712e00000| Untracked |  0
| 113|0x0000000713000000, 0x0000000713000000, 0x0000000713200000|  0%| F|  |TAMS 0x0000000713000000| PB 0x0000000713000000| Untracked |  0
| 114|0x0000000713200000, 0x0000000713200000, 0x0000000713400000|  0%| F|  |TAMS 0x0000000713200000| PB 0x0000000713200000| Untracked |  0
| 115|0x0000000713400000, 0x0000000713400000, 0x0000000713600000|  0%| F|  |TAMS 0x0000000713400000| PB 0x0000000713400000| Untracked |  0
| 116|0x0000000713600000, 0x0000000713600000, 0x0000000713800000|  0%| F|  |TAMS 0x0000000713600000| PB 0x0000000713600000| Untracked |  0
| 117|0x0000000713800000, 0x0000000713800000, 0x0000000713a00000|  0%| F|  |TAMS 0x0000000713800000| PB 0x0000000713800000| Untracked |  0
| 118|0x0000000713a00000, 0x0000000713bf03e8, 0x0000000713c00000| 96%| E|  |TAMS 0x0000000713a00000| PB 0x0000000713a00000| Complete |  0
| 119|0x0000000713c00000, 0x0000000713e00000, 0x0000000713e00000|100%| E|CS|TAMS 0x0000000713c00000| PB 0x0000000713c00000| Complete |  0
| 120|0x0000000713e00000, 0x0000000714000000, 0x0000000714000000|100%| E|CS|TAMS 0x0000000713e00000| PB 0x0000000713e00000| Complete |  0
| 121|0x0000000714000000, 0x0000000714200000, 0x0000000714200000|100%| E|CS|TAMS 0x0000000714000000| PB 0x0000000714000000| Complete |  0
| 122|0x0000000714200000, 0x0000000714400000, 0x0000000714400000|100%| E|CS|TAMS 0x0000000714200000| PB 0x0000000714200000| Complete |  0
| 123|0x0000000714400000, 0x0000000714600000, 0x0000000714600000|100%| E|CS|TAMS 0x0000000714400000| PB 0x0000000714400000| Complete |  0
| 124|0x0000000714600000, 0x0000000714800000, 0x0000000714800000|100%| E|CS|TAMS 0x0000000714600000| PB 0x0000000714600000| Complete |  0
| 125|0x0000000714800000, 0x0000000714a00000, 0x0000000714a00000|100%| E|CS|TAMS 0x0000000714800000| PB 0x0000000714800000| Complete |  0

Card table byte_map: [0x0000020ef9820000,0x0000020efa000000] _byte_map_base: 0x0000020ef5ff9000

Marking Bits: (CMBitMap*) 0x0000020ee0eb2f30
 Bits: [0x0000020efa000000, 0x0000020efdec8000)

Polling page: 0x0000020ede8d0000

Metaspace:

Usage:
  Non-class:      5.71 MB used.
      Class:    716.80 KB used.
       Both:      6.41 MB used.

Virtual space:
  Non-class space:       64.00 MB reserved,       5.81 MB (  9%) committed,  1 nodes.
      Class space:        1.00 GB reserved,     832.00 KB ( <1%) committed,  1 nodes.
             Both:        1.06 GB reserved,       6.62 MB ( <1%) committed. 

Chunk freelists:
   Non-Class:  10.10 MB
       Class:  15.23 MB
        Both:  25.33 MB

MaxMetaspaceSize: unlimited
CompressedClassSpaceSize: 1.00 GB
Initial GC threshold: 21.00 MB
Current GC threshold: 21.00 MB
CDS: on
 - commit_granule_bytes: 65536.
 - commit_granule_words: 8192.
 - virtual_space_node_default_size: 8388608.
 - enlarge_chunks_in_place: 1.
 - use_allocation_guard: 0.


Internal statistics:

num_allocs_failed_limit: 0.
num_arena_births: 150.
num_arena_deaths: 0.
num_vsnodes_births: 2.
num_vsnodes_deaths: 0.
num_space_committed: 106.
num_space_uncommitted: 0.
num_chunks_returned_to_freelist: 0.
num_chunks_taken_from_freelist: 196.
num_chunk_merges: 0.
num_chunk_splits: 111.
num_chunks_enlarged: 36.
num_inconsistent_stats: 0.

CodeHeap 'non-profiled nmethods': size=119232Kb used=293Kb max_used=293Kb free=118938Kb
 bounds [0x0000020ef1120000, 0x0000020ef1390000, 0x0000020ef8590000]
CodeHeap 'profiled nmethods': size=119104Kb used=1310Kb max_used=1310Kb free=117793Kb
 bounds [0x0000020ee9590000, 0x0000020ee9800000, 0x0000020ef09e0000]
CodeHeap 'non-nmethods': size=7424Kb used=1497Kb max_used=3217Kb free=5926Kb
 bounds [0x0000020ef09e0000, 0x0000020ef0d10000, 0x0000020ef1120000]
CodeCache: size=245760Kb, used=3100Kb, max_used=4820Kb, free=242657Kb
 total_blobs=1610, nmethods=1024, adapters=492, full_count=0
Compilation: enabled, stopped_count=0, restarted_count=0

Compilation events (20 events):
Event: 86641.296 Thread 0x0000020e80fca640 nmethod 1015 0x0000020ef1167888 code [0x0000020ef11679a0, 0x0000020ef1167a70]
Event: 86641.297 Thread 0x0000020e80fc89f0 nmethod 1007 0x0000020ef1167b88 code [0x0000020ef1167ca0, 0x0000020ef1167f10]
Event: 86641.297 Thread 0x0000020e80fc89f0 1005       4       jdk.internal.misc.InternalLock::unlock (8 bytes)
Event: 86641.299 Thread 0x0000020e80fc89f0 nmethod 1005 0x0000020ef1168008 code [0x0000020ef1168120, 0x0000020ef11683a8]
Event: 86642.867 Thread 0x0000020e80fca640 1016       3       java.util.EventObject::<init> (24 bytes)
Event: 86642.868 Thread 0x0000020e80fca640 nmethod 1016 0x0000020ee96d5708 code [0x0000020ee96d5840, 0x0000020ee96d5b00]
Event: 86642.922 Thread 0x0000020e80fc89f0 1018       4       java.util.Arrays::binarySearch0 (95 bytes)
Event: 86642.925 Thread 0x0000020e80fc89f0 nmethod 1018 0x0000020ef1168808 code [0x0000020ef1168920, 0x0000020ef1168b48]
Event: 86642.927 Thread 0x0000020e80fca640 1019       1       java.beans.PropertyChangeEvent::getOldValue (5 bytes)
Event: 86642.927 Thread 0x0000020e80fca640 nmethod 1019 0x0000020ef1168b88 code [0x0000020ef1168ca0, 0x0000020ef1168d70]
Event: 86643.124 Thread 0x0000020e80fca640 1020       1       java.awt.EventDispatchThread$1::evaluate (2 bytes)
Event: 86643.124 Thread 0x0000020e80fca640 nmethod 1020 0x0000020ef1168e88 code [0x0000020ef1168fa0, 0x0000020ef1169068]
Event: 86643.124 Thread 0x0000020e80fca640 1021  s    1       java.awt.EventDispatchThread::getEventQueue (5 bytes)
Event: 86643.124 Thread 0x0000020e80fca640 nmethod 1021 0x0000020ef1169188 code [0x0000020ef11692a0, 0x0000020ef11694c8]
Event: 86646.867 Thread 0x0000020e80fca640 1022  s    3       java.awt.Toolkit::getDefaultToolkit (53 bytes)
Event: 86646.868 Thread 0x0000020e80fca640 nmethod 1022 0x0000020ee96d5b88 code [0x0000020ee96d5e40, 0x0000020ee96d70c0]
Event: 86646.975 Thread 0x0000020e80fca640 1023       3       java.lang.ref.WeakReference::<init> (6 bytes)
Event: 86646.975 Thread 0x0000020e80fca640 nmethod 1023 0x0000020ee96d7188 code [0x0000020ee96d72c0, 0x0000020ee96d75d8]
Event: 86646.975 Thread 0x0000020e80fca640 1024       3       java.util.concurrent.locks.ReentrantLock::unlock (10 bytes)
Event: 86646.975 Thread 0x0000020e80fca640 nmethod 1024 0x0000020ee96d7608 code [0x0000020ee96d7740, 0x0000020ee96d7a18]

GC Heap History (0 events):
No events

Dll operation events (7 events):
Event: 0.004 Loaded shared library C:\Program Files\Java\jdk-23\bin\java.dll
Event: 0.020 Loaded shared library C:\Program Files\Java\jdk-23\bin\jsvml.dll
Event: 0.038 Loaded shared library C:\Program Files\Java\jdk-23\bin\jimage.dll
Event: 0.047 Loaded shared library C:\Program Files\Java\jdk-23\bin\awt.dll
Event: 0.133 Loaded shared library C:\Program Files\Java\jdk-23\bin\freetype.dll
Event: 0.133 Loaded shared library C:\Program Files\Java\jdk-23\bin\fontmanager.dll
Event: 0.185 Loaded shared library C:\Program Files\Java\jdk-23\bin\zip.dll

Deoptimization events (20 events):
Event: 0.247 Thread 0x0000020ec70a7060 DEOPT PACKING pc=0x0000020ee969ff6d sp=0x00000011544ff2d0
Event: 0.247 Thread 0x0000020ec70a7060 DEOPT UNPACKING pc=0x0000020ef0a34b22 sp=0x00000011544fe740 mode 0
Event: 0.247 Thread 0x0000020ec70a7060 DEOPT PACKING pc=0x0000020ee969ff6d sp=0x00000011544ff2d0
Event: 0.247 Thread 0x0000020ec70a7060 DEOPT UNPACKING pc=0x0000020ef0a34b22 sp=0x00000011544fe740 mode 0
Event: 0.247 Thread 0x0000020ec70a7060 DEOPT PACKING pc=0x0000020ee969ff6d sp=0x00000011544ff2d0
Event: 0.247 Thread 0x0000020ec70a7060 DEOPT UNPACKING pc=0x0000020ef0a34b22 sp=0x00000011544fe740 mode 0
Event: 0.247 Thread 0x0000020ec70a7060 DEOPT PACKING pc=0x0000020ee969ff6d sp=0x00000011544ff2d0
Event: 0.247 Thread 0x0000020ec70a7060 DEOPT UNPACKING pc=0x0000020ef0a34b22 sp=0x00000011544fe740 mode 0
Event: 86641.295 Thread 0x0000020ec70889b0 Uncommon trap: trap_request=0xffffff45 fr.pc=0x0000020ef1167038 relative=0x0000000000000838
Event: 86641.295 Thread 0x0000020ec70889b0 Uncommon trap: reason=unstable_if action=reinterpret pc=0x0000020ef1167038 method=java.util.HashMap.putVal(ILjava/lang/Object;Ljava/lang/Object;ZZ)Ljava/lang/Object; @ 181 c2
Event: 86641.295 Thread 0x0000020ec70889b0 DEOPT PACKING pc=0x0000020ef1167038 sp=0x00000011543fe910
Event: 86641.295 Thread 0x0000020ec70889b0 DEOPT UNPACKING pc=0x0000020ef0a34402 sp=0x00000011543fe858 mode 2
Event: 86641.295 Thread 0x0000020ec70889b0 Uncommon trap: trap_request=0xffffff45 fr.pc=0x0000020ef1155c08 relative=0x0000000000000808
Event: 86641.295 Thread 0x0000020ec70889b0 Uncommon trap: reason=unstable_if action=reinterpret pc=0x0000020ef1155c08 method=java.util.HashMap.putVal(ILjava/lang/Object;Ljava/lang/Object;ZZ)Ljava/lang/Object; @ 181 c2
Event: 86641.295 Thread 0x0000020ec70889b0 DEOPT PACKING pc=0x0000020ef1155c08 sp=0x00000011543fe880
Event: 86641.295 Thread 0x0000020ec70889b0 DEOPT UNPACKING pc=0x0000020ef0a34402 sp=0x00000011543fe850 mode 2
Event: 86645.738 Thread 0x0000020e815fd7c0 Uncommon trap: trap_request=0xffffff45 fr.pc=0x0000020ef1167e98 relative=0x00000000000001f8
Event: 86645.738 Thread 0x0000020e815fd7c0 Uncommon trap: reason=unstable_if action=reinterpret pc=0x0000020ef1167e98 method=java.util.concurrent.locks.AbstractQueuedSynchronizer.signalNext(Ljava/util/concurrent/locks/AbstractQueuedSynchronizer$Node;)V @ 17 c2
Event: 86645.738 Thread 0x0000020e815fd7c0 DEOPT PACKING pc=0x0000020ef1167e98 sp=0x00000011542fd6a0
Event: 86645.738 Thread 0x0000020e815fd7c0 DEOPT UNPACKING pc=0x0000020ef0a34402 sp=0x00000011542fd590 mode 2

Classes loaded (20 events):
Event: 2.508 Loading class javax/swing/Popup$HeavyWeightWindow
Event: 2.508 Loading class sun/awt/ModalExclude
Event: 2.508 Loading class sun/awt/ModalExclude done
Event: 2.508 Loading class javax/swing/JWindow
Event: 2.508 Loading class javax/swing/JWindow done
Event: 2.508 Loading class javax/swing/Popup$HeavyWeightWindow done
Event: 86641.279 Loading class java/util/WeakHashMap$KeyIterator
Event: 86641.280 Loading class java/util/WeakHashMap$HashIterator
Event: 86641.281 Loading class java/util/WeakHashMap$HashIterator done
Event: 86641.281 Loading class java/util/WeakHashMap$KeyIterator done
Event: 86641.283 Loading class javax/swing/RepaintManager$DisplayChangedRunnable
Event: 86641.284 Loading class javax/swing/RepaintManager$DisplayChangedRunnable done
Event: 86641.287 Loading class java/awt/IllegalComponentStateException
Event: 86641.287 Loading class java/awt/IllegalComponentStateException done
Event: 86641.287 Loading class java/lang/InterruptedException
Event: 86641.287 Loading class java/lang/InterruptedException done
Event: 86641.291 Loading class java/lang/StackTraceElement$HashedModules
Event: 86641.291 Loading class java/lang/StackTraceElement$HashedModules done
Event: 86641.294 Loading class java/awt/AWTError
Event: 86641.294 Loading class java/awt/AWTError done

Classes unloaded (0 events):
No events

Classes redefined (0 events):
No events

Internal exceptions (12 events):
Event: 0.042 Thread 0x0000020ede963d90 Exception <a 'java/lang/ClassNotFoundException'{0x0000000714655f68}: sun/awt/resources/spi/awtProvider> (0x0000000714655f68) 
thrown [s\open\src\hotspot\share\classfile\systemDictionary.cpp, line 313]
Event: 0.053 Thread 0x0000020ede963d90 Exception <a 'java/io/FileNotFoundException'{0x00000007147a0870}> (0x00000007147a0870) 
thrown [s\open\src\hotspot\share\prims\jni.cpp, line 520]
Event: 0.057 Thread 0x0000020ede963d90 Exception <a 'java/io/FileNotFoundException'{0x00000007147cec60}> (0x00000007147cec60) 
thrown [s\open\src\hotspot\share\prims\jni.cpp, line 520]
Event: 0.097 Thread 0x0000020ede963d90 Exception <a 'java/lang/NoSuchMethodError'{0x000000071446bdc0}: 'void java.lang.invoke.DirectMethodHandle$Holder.invokeSpecial(java.lang.Object, java.lang.Object, java.lang.Object)'> (0x000000071446bdc0) 
thrown [s\open\src\hotspot\share\interpreter\linkResolver.cpp, line 796]
Event: 0.104 Thread 0x0000020ede963d90 Exception <a 'java/lang/NoSuchMethodError'{0x00000007145b1500}: 'java.lang.Object java.lang.invoke.DirectMethodHandle$Holder.invokeStatic(java.lang.Object, int, java.lang.Object)'> (0x00000007145b1500) 
thrown [s\open\src\hotspot\share\interpreter\linkResolver.cpp, line 796]
Event: 0.113 Thread 0x0000020ede963d90 Exception <a 'java/lang/ClassNotFoundException'{0x0000000714253ce8}: com/sun/swing/internal/plaf/metal/resources/spi/metalProvider> (0x0000000714253ce8) 
thrown [s\open\src\hotspot\share\classfile\systemDictionary.cpp, line 313]
Event: 0.114 Thread 0x0000020ede963d90 Exception <a 'java/lang/ClassNotFoundException'{0x0000000714257d28}: com/sun/swing/internal/plaf/basic/resources/spi/basicProvider> (0x0000000714257d28) 
thrown [s\open\src\hotspot\share\classfile\systemDictionary.cpp, line 313]
Event: 0.119 Thread 0x0000020ede963d90 Exception <a 'java/lang/NoSuchMethodError'{0x0000000714277d00}: 'int java.lang.invoke.Invokers$Holder.invokeExact_MT(java.lang.Object, java.lang.Object)'> (0x0000000714277d00) 
thrown [s\open\src\hotspot\share\interpreter\linkResolver.cpp, line 796]
Event: 0.131 Thread 0x0000020ede963d90 Exception <a 'java/lang/NoSuchMethodError'{0x000000071429d9c8}: 'void java.lang.invoke.DirectMethodHandle$Holder.invokeStaticInit(java.lang.Object)'> (0x000000071429d9c8) 
thrown [s\open\src\hotspot\share\interpreter\linkResolver.cpp, line 796]
Event: 0.166 Thread 0x0000020e815fd7c0 Exception <a 'java/lang/NoSuchMethodError'{0x0000000714504ee0}: 'void java.lang.invoke.DirectMethodHandle$Holder.invokeVirtual(java.lang.Object, java.lang.Object)'> (0x0000000714504ee0) 
thrown [s\open\src\hotspot\share\interpreter\linkResolver.cpp, line 796]
Event: 0.210 Thread 0x0000020ec70a7060 Exception <a 'java/lang/NoSuchMethodError'{0x00000007141aa530}: 'java.lang.Object java.lang.invoke.DirectMethodHandle$Holder.newInvokeSpecial(java.lang.Object, java.lang.Object, java.lang.Object, int, int, int, int, int)'> (0x00000007141aa530) 
thrown [s\open\src\hotspot\share\interpreter\linkResolver.cpp, line 796]
Event: 0.252 Thread 0x0000020ede963d90 Exception <a 'java/lang/NullPointerException'{0x00000007142fac80}> (0x00000007142fac80) 
thrown [s\open\src\hotspot\share\interpreter\linkResolver.cpp, line 1389]

VM Operations (16 events):
Event: 0.062 Executing VM operation: HandshakeAllThreads (Deoptimize)
Event: 0.062 Executing VM operation: HandshakeAllThreads (Deoptimize) done
Event: 0.113 Executing VM operation: HandshakeAllThreads (Deoptimize)
Event: 0.113 Executing VM operation: HandshakeAllThreads (Deoptimize) done
Event: 0.125 Executing VM operation: HandshakeAllThreads (Deoptimize)
Event: 0.125 Executing VM operation: HandshakeAllThreads (Deoptimize) done
Event: 0.201 Executing VM operation: HandshakeAllThreads (Deoptimize)
Event: 0.201 Executing VM operation: HandshakeAllThreads (Deoptimize) done
Event: 60.145 Executing VM operation: HandshakeAllThreads (HandshakeForDeflation)
Event: 60.145 Executing VM operation: HandshakeAllThreads (HandshakeForDeflation) done
Event: 60.145 Executing VM operation: RendezvousGCThreads
Event: 60.145 Executing VM operation: RendezvousGCThreads done
Event: 86642.326 Executing VM operation: HandshakeAllThreads (HandshakeForDeflation)
Event: 86642.326 Executing VM operation: HandshakeAllThreads (HandshakeForDeflation) done
Event: 86642.326 Executing VM operation: RendezvousGCThreads
Event: 86642.326 Executing VM operation: RendezvousGCThreads done

Memory protections (0 events):
No events

Nmethod flushes (0 events):
No events

Events (20 events):
Event: 0.019 Thread 0x0000020ede963d90 Thread added: 0x0000020e80fc89f0
Event: 0.019 Thread 0x0000020ede963d90 Thread added: 0x0000020e80fca640
Event: 0.021 Thread 0x0000020e80fca640 Thread added: 0x0000020e80fcc850
Event: 0.022 Thread 0x0000020e80fca640 Thread added: 0x0000020e80fcb3e0
Event: 0.024 Thread 0x0000020e80fca640 Thread added: 0x0000020e80fcad10
Event: 0.027 Thread 0x0000020ede963d90 Thread added: 0x0000020e81475db0
Event: 0.028 Thread 0x0000020ede963d90 Thread added: 0x0000020e8147ac90
Event: 0.081 Thread 0x0000020ede963d90 Thread added: 0x0000020e815f13d0
Event: 0.082 Thread 0x0000020ede963d90 Thread added: 0x0000020e815fc520
Event: 0.083 Thread 0x0000020ede963d90 Thread added: 0x0000020e815fd7c0
Event: 0.153 Thread 0x0000020e815fd7c0 Thread added: 0x0000020ec70889b0
Event: 0.176 Thread 0x0000020ede963d90 Thread added: 0x0000020ec70a7060
Event: 0.203 Thread 0x0000020e80fc89f0 Thread added: 0x0000020e80fccf20
Event: 0.253 Thread 0x0000020ede963d90 Thread exited: 0x0000020ede963d90
Event: 0.253 Thread 0x0000020ede963d90 Thread added: 0x0000020ede963d90
Event: 1.847 Thread 0x0000020e80fcad10 Thread exited: 0x0000020e80fcad10
Event: 1.847 Thread 0x0000020e80fccf20 Thread exited: 0x0000020e80fccf20
Event: 1.847 Thread 0x0000020e80fcb3e0 Thread exited: 0x0000020e80fcb3e0
Event: 3.827 Thread 0x0000020e80fcc850 Thread exited: 0x0000020e80fcc850
Event: 5.259 Thread 0x0000020ec70a7060 Thread exited: 0x0000020ec70a7060


Dynamic libraries:
0x00007ff7f3090000 - 0x00007ff7f30a0000 	C:\Program Files\Java\jdk-23\bin\java.exe
0x00007ffeb9700000 - 0x00007ffeb9966000 	C:\Windows\SYSTEM32\ntdll.dll
0x00007ffeb7720000 - 0x00007ffeb77e9000 	C:\Windows\System32\KERNEL32.DLL
0x00007ffeb69d0000 - 0x00007ffeb6d9c000 	C:\Windows\System32\KERNELBASE.dll
0x00007ffeb6fe0000 - 0x00007ffeb712b000 	C:\Windows\System32\ucrtbase.dll
0x00007ffea1590000 - 0x00007ffea15a7000 	C:\Program Files\Java\jdk-23\bin\jli.dll
0x00007ffe6e3d0000 - 0x00007ffe6e3eb000 	C:\Program Files\Java\jdk-23\bin\VCRUNTIME140.dll
0x00007ffeb7b10000 - 0x00007ffeb7cda000 	C:\Windows\System32\USER32.dll
0x00007ffe9c810000 - 0x00007ffe9caaa000 	C:\Windows\WinSxS\amd64_microsoft.windows.common-controls_6595b64144ccf1df_6.0.26100.3912_none_3e07963ce335137e\COMCTL32.dll
0x00007ffeb6e30000 - 0x00007ffeb6e57000 	C:\Windows\System32\win32u.dll
0x00007ffeb7960000 - 0x00007ffeb7a09000 	C:\Windows\System32\msvcrt.dll
0x00007ffeb87c0000 - 0x00007ffeb87eb000 	C:\Windows\System32\GDI32.dll
0x00007ffeb6890000 - 0x00007ffeb69c2000 	C:\Windows\System32\gdi32full.dll
0x00007ffeb7130000 - 0x00007ffeb71d3000 	C:\Windows\System32\msvcp_win.dll
0x00007ffeb8eb0000 - 0x00007ffeb8ee0000 	C:\Windows\System32\IMM32.DLL
0x00007ffe7c890000 - 0x00007ffe7c89c000 	C:\Program Files\Java\jdk-23\bin\vcruntime140_1.dll
0x00007ffe5dd10000 - 0x00007ffe5dd9e000 	C:\Program Files\Java\jdk-23\bin\msvcp140.dll
0x00007ffddd2a0000 - 0x00007ffdddff0000 	C:\Program Files\Java\jdk-23\bin\server\jvm.dll
0x00007ffeb7660000 - 0x00007ffeb7712000 	C:\Windows\System32\ADVAPI32.dll
0x00007ffeb8410000 - 0x00007ffeb84b6000 	C:\Windows\System32\sechost.dll
0x00007ffeb9450000 - 0x00007ffeb9566000 	C:\Windows\System32\RPCRT4.dll
0x00007ffeb84c0000 - 0x00007ffeb8534000 	C:\Windows\System32\WS2_32.dll
0x00007ffeb54a0000 - 0x00007ffeb54fe000 	C:\Windows\SYSTEM32\POWRPROF.dll
0x00007ffeb0310000 - 0x00007ffeb0346000 	C:\Windows\SYSTEM32\WINMM.dll
0x00007ffeae3f0000 - 0x00007ffeae3fb000 	C:\Windows\SYSTEM32\VERSION.dll
0x00007ffeb5480000 - 0x00007ffeb5494000 	C:\Windows\SYSTEM32\UMPDC.dll
0x00007ffeb5770000 - 0x00007ffeb578a000 	C:\Windows\SYSTEM32\kernel.appcore.dll
0x00007ffe7c830000 - 0x00007ffe7c83a000 	C:\Program Files\Java\jdk-23\bin\jimage.dll
0x00007ffeb4120000 - 0x00007ffeb4361000 	C:\Windows\SYSTEM32\DBGHELP.DLL
0x00007ffeb90c0000 - 0x00007ffeb9444000 	C:\Windows\System32\combase.dll
0x00007ffeb9570000 - 0x00007ffeb9650000 	C:\Windows\System32\OLEAUT32.dll
0x00007ffe997a0000 - 0x00007ffe997d9000 	C:\Windows\SYSTEM32\dbgcore.DLL
0x00007ffeb7420000 - 0x00007ffeb74b9000 	C:\Windows\System32\bcryptPrimitives.dll
0x00007ffe6a740000 - 0x00007ffe6a75e000 	C:\Program Files\Java\jdk-23\bin\java.dll
0x00007ffeb8ef0000 - 0x00007ffeb908f000 	C:\Windows\System32\ole32.dll
0x00007ffeb7ce0000 - 0x00007ffeb840d000 	C:\Windows\System32\SHELL32.dll
0x00007ffeb6e60000 - 0x00007ffeb6fd4000 	C:\Windows\System32\wintypes.dll
0x00007ffeb44f0000 - 0x00007ffeb4d46000 	C:\Windows\SYSTEM32\windows.storage.dll
0x00007ffeb7a10000 - 0x00007ffeb7aff000 	C:\Windows\System32\SHCORE.dll
0x00007ffeb7520000 - 0x00007ffeb7589000 	C:\Windows\System32\shlwapi.dll
0x00007ffeb67a0000 - 0x00007ffeb67cf000 	C:\Windows\SYSTEM32\profapi.dll
0x00007ffe5e740000 - 0x00007ffe5e817000 	C:\Program Files\Java\jdk-23\bin\jsvml.dll
0x00007ffde5490000 - 0x00007ffde561e000 	C:\Program Files\Java\jdk-23\bin\awt.dll
0x00007ffeb31b0000 - 0x00007ffeb324e000 	C:\Windows\SYSTEM32\apphelp.dll
0x00007ffeb36a0000 - 0x00007ffeb36d6000 	C:\Windows\system32\DWMAPI.DLL
0x00007ffeb3300000 - 0x00007ffeb33af000 	C:\Windows\system32\uxtheme.dll
0x00007ffdf4a10000 - 0x00007ffdf4b1c000 	C:\Windows\system32\opengl32.dll
0x00007ffe5e900000 - 0x00007ffe5e92d000 	C:\Windows\SYSTEM32\GLU32.dll
0x00007ffeb38d0000 - 0x00007ffeb3917000 	C:\Windows\SYSTEM32\dxcore.dll
0x00007ffeb77f0000 - 0x00007ffeb794f000 	C:\Windows\System32\MSCTF.dll
0x00007ffe5da00000 - 0x00007ffe5da87000 	C:\Program Files\Java\jdk-23\bin\freetype.dll
0x00007ffde7d40000 - 0x00007ffde7e17000 	C:\Program Files\Java\jdk-23\bin\fontmanager.dll
0x00007ffe84980000 - 0x00007ffe84acd000 	C:\Windows\SYSTEM32\textinputframework.dll
0x00007ffe7a5e0000 - 0x00007ffe7a65d000 	C:\Windows\system32\Oleacc.dll
0x00007ffeb75b0000 - 0x00007ffeb7658000 	C:\Windows\System32\clbcatq.dll
0x00007ffe5f7c0000 - 0x00007ffe5f81e000 	C:\Windows\system32\ApplicationTargetedFeatureDatabase.dll
0x00007ffea4ca0000 - 0x00007ffea4edc000 	C:\Windows\System32\twinapi.appcore.dll
0x00007ffe63900000 - 0x00007ffe63917000 	C:\Program Files\Java\jdk-23\bin\zip.dll
0x00007ffeb2eb0000 - 0x00007ffeb2fd6000 	C:\Windows\SYSTEM32\CoreMessaging.dll
0x00007ffeac7a0000 - 0x00007ffeaca83000 	C:\Windows\SYSTEM32\CoreUIComponents.dll
0x00007ffeb5fa0000 - 0x00007ffeb5fac000 	C:\Windows\SYSTEM32\CRYPTBASE.DLL

dbghelp: loaded successfully - version: 4.0.5 - missing functions: none
symbol engine: initialized successfully - sym options: 0x614 - pdb path: .;C:\Program Files\Java\jdk-23\bin;C:\Windows\SYSTEM32;C:\Windows\WinSxS\amd64_microsoft.windows.common-controls_6595b64144ccf1df_6.0.26100.3912_none_3e07963ce335137e;C:\Program Files\Java\jdk-23\bin\server

VM Arguments:
java_command: com.mycompany.pi.PI
java_class_path (initial): C:\Users\loren\OneDrive\Documentos\NetBeansProjects\PI\target\classes
Launcher Type: SUN_STANDARD

[Global flags]
     intx CICompilerCount                          = 12                                        {product} {ergonomic}
     uint ConcGCThreads                            = 4                                         {product} {ergonomic}
     uint G1ConcRefinementThreads                  = 15                                        {product} {ergonomic}
   size_t G1HeapRegionSize                         = 2097152                                   {product} {ergonomic}
   size_t InitialHeapSize                          = 264241152                                 {product} {ergonomic}
   size_t MarkStackSize                            = 4194304                                   {product} {ergonomic}
   size_t MarkStackSizeMax                         = 536870912                                 {product} {ergonomic}
   size_t MaxHeapSize                              = 4213178368                                {product} {ergonomic}
   size_t MaxNewSize                               = 2527068160                                {product} {ergonomic}
   size_t MinHeapDeltaBytes                        = 2097152                                   {product} {ergonomic}
   size_t MinHeapSize                              = 8388608                                   {product} {ergonomic}
    uintx NonNMethodCodeHeapSize                   = 7602176                                {pd product} {ergonomic}
    uintx NonProfiledCodeHeapSize                  = 122093568                              {pd product} {ergonomic}
    uintx ProfiledCodeHeapSize                     = 121962496                              {pd product} {ergonomic}
    uintx ReservedCodeCacheSize                    = 251658240                              {pd product} {ergonomic}
     bool SegmentedCodeCache                       = true                                      {product} {ergonomic}
   size_t SoftMaxHeapSize                          = 4213178368                             {manageable} {ergonomic}
     bool UseCompressedOops                        = true                           {product lp64_product} {ergonomic}
     bool UseG1GC                                  = true                                      {product} {ergonomic}
     bool UseLargePagesIndividualAllocation        = false                                  {pd product} {ergonomic}

Logging:
Log output configuration:
 #0: stdout all=warning uptime,level,tags foldmultilines=false
 #1: stderr all=off uptime,level,tags foldmultilines=false

Environment Variables:
JAVA_HOME=C:\Program Files\Java\jdk-23
PATH=C:\Program Files\Common Files\Oracle\Java\javapath;C:\Program Files (x86)\Common Files\Oracle\Java\java8path;C:\Program Files (x86)\Common Files\Oracle\Java\javapath;C:\Windows\system32;C:\Windows;C:\Windows\System32\Wbem;C:\Windows\System32\WindowsPowerShell\v1.0\;C:\Windows\System32\OpenSSH\;C:\Program Files\dotnet\;C:\Program Files (x86)\NVIDIA Corporation\PhysX\Common;C:\Program Files\NVIDIA Corporation\NVIDIA NvDLISR;C:\Program Files\MySQL\MySQL Shell 8.0\bin\;C:\Users\loren\AppData\Local\Microsoft\WindowsApps;C:\Users\loren\AppData\Local\Programs\Microsoft VS Code\bin
USERNAME=loren
OS=Windows_NT
PROCESSOR_IDENTIFIER=Intel64 Family 6 Model 183 Stepping 1, GenuineIntel
TMP=C:\Users\loren\AppData\Local\Temp
TEMP=C:\Users\loren\AppData\Local\Temp




Periodic native trim disabled

---------------  S Y S T E M  ---------------

OS:
 Windows 11 , 64 bit Build 26100 (10.0.26100.3912)
OS uptime: 6 days 9:32 hours
Hyper-V role detected

CPU: total 20 (initial active 20) (10 cores per cpu, 2 threads per core) family 6 model 183 stepping 1 microcode 0x12c, cx8, cmov, fxsr, ht, mmx, 3dnowpref, sse, sse2, sse3, ssse3, sse4.1, sse4.2, popcnt, lzcnt, tsc, tscinvbit, avx, avx2, aes, erms, clmul, bmi1, bmi2, adx, sha, fma, vzeroupper, clflush, clflushopt, clwb, hv, serialize, rdtscp, rdpid, fsrm, gfni, f16c, cet_ibt, cet_ss
Processor Information for processor 0
  Max Mhz: 2600, Current Mhz: 2600, Mhz Limit: 2600
Processor Information for processor 1
  Max Mhz: 2600, Current Mhz: 2600, Mhz Limit: 2600
Processor Information for processor 2
  Max Mhz: 2600, Current Mhz: 2600, Mhz Limit: 2600
Processor Information for processor 3
  Max Mhz: 2600, Current Mhz: 1496, Mhz Limit: 2600
Processor Information for processor 4
  Max Mhz: 2600, Current Mhz: 2600, Mhz Limit: 2600
Processor Information for processor 5
  Max Mhz: 2600, Current Mhz: 1496, Mhz Limit: 2600
Processor Information for processor 6
  Max Mhz: 2600, Current Mhz: 2600, Mhz Limit: 2600
Processor Information for processor 7
  Max Mhz: 2600, Current Mhz: 1496, Mhz Limit: 2600
Processor Information for processor 8
  Max Mhz: 2600, Current Mhz: 2600, Mhz Limit: 2600
Processor Information for processor 9
  Max Mhz: 2600, Current Mhz: 2600, Mhz Limit: 2600
Processor Information for processor 10
  Max Mhz: 2600, Current Mhz: 2600, Mhz Limit: 2600
Processor Information for processor 11
  Max Mhz: 2600, Current Mhz: 2600, Mhz Limit: 2600
Processor Information for processor 12
  Max Mhz: 2600, Current Mhz: 1505, Mhz Limit: 2600
Processor Information for processor 13
  Max Mhz: 2600, Current Mhz: 1505, Mhz Limit: 2600
Processor Information for processor 14
  Max Mhz: 2600, Current Mhz: 1505, Mhz Limit: 2600
Processor Information for processor 15
  Max Mhz: 2600, Current Mhz: 1505, Mhz Limit: 2600
Processor Information for processor 16
  Max Mhz: 2600, Current Mhz: 1505, Mhz Limit: 2600
Processor Information for processor 17
  Max Mhz: 2600, Current Mhz: 1505, Mhz Limit: 2600
Processor Information for processor 18
  Max Mhz: 2600, Current Mhz: 1505, Mhz Limit: 2600
Processor Information for processor 19
  Max Mhz: 2600, Current Mhz: 1505, Mhz Limit: 2600

Memory: 4k page, system-wide physical 16068M (4544M free)
TotalPageFile size 26027M (AvailPageFile size 5142M)
current process WorkingSet (physical memory assigned to process): 31M, peak: 96M
current process commit charge ("private bytes"): 363M, peak: 375M

vm_info: Java HotSpot(TM) 64-Bit Server VM (23.0.2+7-58) for windows-amd64 JRE (23.0.2+7-58), built on 2024-11-29T09:34:55Z with MS VC++ 17.6 (VS2022)

END.
